
*** Running vivado
    with args -log GameTop.vds -m64 -mode batch -messageDb vivado.pb -notrace -source GameTop.tcl

WARNING: Default location for XILINX_VIVADO_HLS not found: 

****** Vivado v2015.2.1 (64-bit)
  **** SW Build 1302555 on Wed Aug  5 13:06:02 MDT 2015
  **** IP Build 1291990 on Mon Jul 27 03:18:52 MDT 2015
    ** Copyright 1986-2015 Xilinx, Inc. All Rights Reserved.

source GameTop.tcl -notrace
Command: synth_design -top GameTop -part xc7a35tcpg236-1
Starting synth_design
Attempting to get a license for feature 'Synthesis' and/or device 'xc7a35t'
INFO: [Common 17-349] Got license for feature 'Synthesis' and/or device 'xc7a35t'
---------------------------------------------------------------------------------
Starting RTL Elaboration : Time (s): cpu = 00:00:12 ; elapsed = 00:00:15 . Memory (MB): peak = 263.039 ; gain = 86.449
---------------------------------------------------------------------------------
INFO: [Synth 8-638] synthesizing module 'GameTop' [C:/Modeltech_pe_edu_10.4a/examples/460mlab/lab5partc_synth/lab5partc_synth.srcs/sources_1/imports/lab5a/part_c_top.v:1]
INFO: [Synth 8-638] synthesizing module 'Divider' [C:/Modeltech_pe_edu_10.4a/examples/460mlab/lab5partc_synth/lab5partc_synth.srcs/sources_1/imports/lab5a/divider.v:1]
INFO: [Synth 8-256] done synthesizing module 'Divider' (1#1) [C:/Modeltech_pe_edu_10.4a/examples/460mlab/lab5partc_synth/lab5partc_synth.srcs/sources_1/imports/lab5a/divider.v:1]
INFO: [Synth 8-638] synthesizing module 'VGA' [C:/Modeltech_pe_edu_10.4a/examples/460mlab/lab5partc_synth/lab5partc_synth.srcs/sources_1/imports/lab5a/partcvga.v:1]
INFO: [Synth 8-226] default block is never used [C:/Modeltech_pe_edu_10.4a/examples/460mlab/lab5partc_synth/lab5partc_synth.srcs/sources_1/imports/lab5a/partcvga.v:28]
INFO: [Synth 8-4471] merging register 'vgaGreen_reg[3:0]' into 'vgaBlue_reg[3:0]' [C:/Modeltech_pe_edu_10.4a/examples/460mlab/lab5partc_synth/lab5partc_synth.srcs/sources_1/imports/lab5a/partcvga.v:29]
INFO: [Synth 8-256] done synthesizing module 'VGA' (2#1) [C:/Modeltech_pe_edu_10.4a/examples/460mlab/lab5partc_synth/lab5partc_synth.srcs/sources_1/imports/lab5a/partcvga.v:1]
INFO: [Synth 8-638] synthesizing module 'Game_Controller' [C:/Modeltech_pe_edu_10.4a/examples/460mlab/lab5partc_synth/lab5partc_synth.srcs/sources_1/imports/lab5a/game_controller.v:7]
INFO: [Synth 8-256] done synthesizing module 'Game_Controller' (3#1) [C:/Modeltech_pe_edu_10.4a/examples/460mlab/lab5partc_synth/lab5partc_synth.srcs/sources_1/imports/lab5a/game_controller.v:7]
INFO: [Synth 8-256] done synthesizing module 'GameTop' (4#1) [C:/Modeltech_pe_edu_10.4a/examples/460mlab/lab5partc_synth/lab5partc_synth.srcs/sources_1/imports/lab5a/part_c_top.v:1]
---------------------------------------------------------------------------------
Finished RTL Elaboration : Time (s): cpu = 00:00:16 ; elapsed = 00:00:19 . Memory (MB): peak = 297.277 ; gain = 120.688
---------------------------------------------------------------------------------

Report Check Netlist: 
+------+------------------+-------+---------+-------+------------------+
|      |Item              |Errors |Warnings |Status |Description       |
+------+------------------+-------+---------+-------+------------------+
|1     |multi_driven_nets |      0|        0|Passed |Multi driven nets |
+------+------------------+-------+---------+-------+------------------+
---------------------------------------------------------------------------------
Finished RTL Optimization Phase 1 : Time (s): cpu = 00:00:16 ; elapsed = 00:00:20 . Memory (MB): peak = 297.277 ; gain = 120.688
---------------------------------------------------------------------------------
INFO: [Device 21-403] Loading part xc7a35tcpg236-1
INFO: [Project 1-570] Preparing netlist for logic optimization

Processing XDC Constraints
Initializing timing engine
Parsing XDC File [C:/Modeltech_pe_edu_10.4a/examples/460mlab/lab5partc_synth/lab5partc_synth.srcs/constrs_1/imports/lab5/Basys3_Master.xdc]
Finished Parsing XDC File [C:/Modeltech_pe_edu_10.4a/examples/460mlab/lab5partc_synth/lab5partc_synth.srcs/constrs_1/imports/lab5/Basys3_Master.xdc]
Completed Processing XDC Constraints

INFO: [Project 1-111] Unisim Transformation Summary:
No Unisim elements were transformed.

Constraint Validation Runtime : Time (s): cpu = 00:00:00 ; elapsed = 00:00:00.016 . Memory (MB): peak = 590.574 ; gain = 0.000
---------------------------------------------------------------------------------
Finished Constraint Validation : Time (s): cpu = 00:00:38 ; elapsed = 00:00:45 . Memory (MB): peak = 590.574 ; gain = 413.984
---------------------------------------------------------------------------------
---------------------------------------------------------------------------------
Start Loading Part and Timing Information
---------------------------------------------------------------------------------
Loading part: xc7a35tcpg236-1
---------------------------------------------------------------------------------
Finished Loading Part and Timing Information : Time (s): cpu = 00:00:38 ; elapsed = 00:00:45 . Memory (MB): peak = 590.574 ; gain = 413.984
---------------------------------------------------------------------------------
---------------------------------------------------------------------------------
Start Applying 'set_property' XDC Constraints
---------------------------------------------------------------------------------
---------------------------------------------------------------------------------
Finished applying 'set_property' XDC Constraints : Time (s): cpu = 00:00:38 ; elapsed = 00:00:45 . Memory (MB): peak = 590.574 ; gain = 413.984
---------------------------------------------------------------------------------
---------------------------------------------------------------------------------
Finished RTL Optimization Phase 2 : Time (s): cpu = 00:00:38 ; elapsed = 00:00:45 . Memory (MB): peak = 590.574 ; gain = 413.984
---------------------------------------------------------------------------------

Report RTL Partitions: 
+-+--------------+------------+----------+
| |RTL Partition |Replication |Instances |
+-+--------------+------------+----------+
+-+--------------+------------+----------+
---------------------------------------------------------------------------------
Start RTL Component Statistics 
---------------------------------------------------------------------------------
Detailed RTL Component Info : 
+---Adders : 
	   2 Input     11 Bit       Adders := 1     
	   2 Input     10 Bit       Adders := 2     
+---Registers : 
	               10 Bit    Registers := 6     
	                4 Bit    Registers := 2     
	                1 Bit    Registers := 4     
---------------------------------------------------------------------------------
Finished RTL Component Statistics 
---------------------------------------------------------------------------------
---------------------------------------------------------------------------------
Start RTL Hierarchical Component Statistics 
---------------------------------------------------------------------------------
Hierarchical RTL Component report 
Module Divider 
Detailed RTL Component Info : 
+---Registers : 
	                1 Bit    Registers := 1     
Module VGA 
Detailed RTL Component Info : 
+---Adders : 
	   2 Input     10 Bit       Adders := 2     
+---Registers : 
	               10 Bit    Registers := 4     
	                4 Bit    Registers := 2     
	                1 Bit    Registers := 2     
Module Game_Controller 
Detailed RTL Component Info : 
+---Adders : 
	   2 Input     11 Bit       Adders := 1     
+---Registers : 
	               10 Bit    Registers := 2     
	                1 Bit    Registers := 1     
---------------------------------------------------------------------------------
Finished RTL Hierarchical Component Statistics
---------------------------------------------------------------------------------
---------------------------------------------------------------------------------
Start Part Resource Summary
---------------------------------------------------------------------------------
Part Resources:
DSPs: 120 (col length:60)
BRAMs: 150 (col length: RAMB18 60 RAMB36 30)
---------------------------------------------------------------------------------
Finished Part Resource Summary
---------------------------------------------------------------------------------
Start Parallel Synthesis Optimization  : Time (s): cpu = 00:00:39 ; elapsed = 00:00:46 . Memory (MB): peak = 590.574 ; gain = 413.984
---------------------------------------------------------------------------------
Start Cross Boundary Optimization
---------------------------------------------------------------------------------
---------------------------------------------------------------------------------
Finished Cross Boundary Optimization : Time (s): cpu = 00:00:39 ; elapsed = 00:00:46 . Memory (MB): peak = 590.574 ; gain = 413.984
---------------------------------------------------------------------------------
Finished Parallel Reinference  : Time (s): cpu = 00:00:39 ; elapsed = 00:00:46 . Memory (MB): peak = 590.574 ; gain = 413.984

Report RTL Partitions: 
+-+--------------+------------+----------+
| |RTL Partition |Replication |Instances |
+-+--------------+------------+----------+
+-+--------------+------------+----------+
INFO: [Synth 8-3333] propagating constant 0 across sequential element (\game/snakeY_reg[4][3] )
INFO: [Synth 8-3333] propagating constant 1 across sequential element (\game/snakeY_reg[4][2] )
INFO: [Synth 8-3333] propagating constant 0 across sequential element (\game/snakeX_reg[4] )
INFO: [Synth 8-3333] propagating constant 0 across sequential element (\veegeeay/vgaBlue_reg[3] )
WARNING: [Synth 8-3332] Sequential element (\veegeeay/vgaBlue_reg[3] ) is unused and will be removed from module GameTop.
WARNING: [Synth 8-3332] Sequential element (\veegeeay/vgaBlue_reg[2] ) is unused and will be removed from module GameTop.
WARNING: [Synth 8-3332] Sequential element (\veegeeay/vgaBlue_reg[1] ) is unused and will be removed from module GameTop.
WARNING: [Synth 8-3332] Sequential element (\veegeeay/vgaBlue_reg[0] ) is unused and will be removed from module GameTop.
WARNING: [Synth 8-3332] Sequential element (\game/snakeX_reg[4] ) is unused and will be removed from module GameTop.
WARNING: [Synth 8-3332] Sequential element (\game/snakeX_reg[3] ) is unused and will be removed from module GameTop.
WARNING: [Synth 8-3332] Sequential element (\game/snakeX_reg[2] ) is unused and will be removed from module GameTop.
WARNING: [Synth 8-3332] Sequential element (\game/snakeX_reg[1] ) is unused and will be removed from module GameTop.
WARNING: [Synth 8-3332] Sequential element (\game/snakeX_reg[0] ) is unused and will be removed from module GameTop.
WARNING: [Synth 8-3332] Sequential element (\game/snakeY_reg[4][9] ) is unused and will be removed from module GameTop.
WARNING: [Synth 8-3332] Sequential element (\game/snakeY_reg[4][8] ) is unused and will be removed from module GameTop.
WARNING: [Synth 8-3332] Sequential element (\game/snakeY_reg[4][7] ) is unused and will be removed from module GameTop.
WARNING: [Synth 8-3332] Sequential element (\game/snakeY_reg[4][6] ) is unused and will be removed from module GameTop.
WARNING: [Synth 8-3332] Sequential element (\game/snakeY_reg[4][5] ) is unused and will be removed from module GameTop.
WARNING: [Synth 8-3332] Sequential element (\game/snakeY_reg[4][4] ) is unused and will be removed from module GameTop.
WARNING: [Synth 8-3332] Sequential element (\game/snakeY_reg[4][3] ) is unused and will be removed from module GameTop.
WARNING: [Synth 8-3332] Sequential element (\game/snakeY_reg[4][2] ) is unused and will be removed from module GameTop.
WARNING: [Synth 8-3332] Sequential element (\game/snakeY_reg[4][1] ) is unused and will be removed from module GameTop.
WARNING: [Synth 8-3332] Sequential element (\game/snakeY_reg[4][0] ) is unused and will be removed from module GameTop.
---------------------------------------------------------------------------------
Start Area Optimization
---------------------------------------------------------------------------------
---------------------------------------------------------------------------------
Finished Area Optimization : Time (s): cpu = 00:00:39 ; elapsed = 00:00:47 . Memory (MB): peak = 590.574 ; gain = 413.984
---------------------------------------------------------------------------------
Finished Parallel Area Optimization  : Time (s): cpu = 00:00:39 ; elapsed = 00:00:47 . Memory (MB): peak = 590.574 ; gain = 413.984

Report RTL Partitions: 
+-+--------------+------------+----------+
| |RTL Partition |Replication |Instances |
+-+--------------+------------+----------+
+-+--------------+------------+----------+
Finished Parallel Synthesis Optimization  : Time (s): cpu = 00:00:39 ; elapsed = 00:00:47 . Memory (MB): peak = 590.574 ; gain = 413.984
---------------------------------------------------------------------------------
Start Timing Optimization
---------------------------------------------------------------------------------
---------------------------------------------------------------------------------
Start Applying XDC Timing Constraints
---------------------------------------------------------------------------------
---------------------------------------------------------------------------------
Finished Applying XDC Timing Constraints : Time (s): cpu = 00:01:08 ; elapsed = 00:01:16 . Memory (MB): peak = 590.574 ; gain = 413.984
---------------------------------------------------------------------------------
---------------------------------------------------------------------------------
Finished Timing Optimization : Time (s): cpu = 00:01:08 ; elapsed = 00:01:16 . Memory (MB): peak = 590.574 ; gain = 413.984
---------------------------------------------------------------------------------

Report RTL Partitions: 
+-+--------------+------------+----------+
| |RTL Partition |Replication |Instances |
+-+--------------+------------+----------+
+-+--------------+------------+----------+
---------------------------------------------------------------------------------
Start Technology Mapping
---------------------------------------------------------------------------------
---------------------------------------------------------------------------------
Finished Technology Mapping : Time (s): cpu = 00:01:08 ; elapsed = 00:01:16 . Memory (MB): peak = 590.574 ; gain = 413.984
---------------------------------------------------------------------------------

Report RTL Partitions: 
+-+--------------+------------+----------+
| |RTL Partition |Replication |Instances |
+-+--------------+------------+----------+
+-+--------------+------------+----------+
---------------------------------------------------------------------------------
Start IO Insertion
---------------------------------------------------------------------------------
---------------------------------------------------------------------------------
Start Final Netlist Cleanup
---------------------------------------------------------------------------------
---------------------------------------------------------------------------------
Finished Final Netlist Cleanup
---------------------------------------------------------------------------------
---------------------------------------------------------------------------------
Finished IO Insertion : Time (s): cpu = 00:01:09 ; elapsed = 00:01:17 . Memory (MB): peak = 590.574 ; gain = 413.984
---------------------------------------------------------------------------------

Report Check Netlist: 
+------+------------------+-------+---------+-------+------------------+
|      |Item              |Errors |Warnings |Status |Description       |
+------+------------------+-------+---------+-------+------------------+
|1     |multi_driven_nets |      0|        0|Passed |Multi driven nets |
+------+------------------+-------+---------+-------+------------------+
---------------------------------------------------------------------------------
Start Renaming Generated Instances
---------------------------------------------------------------------------------
---------------------------------------------------------------------------------
Finished Renaming Generated Instances : Time (s): cpu = 00:01:09 ; elapsed = 00:01:17 . Memory (MB): peak = 590.574 ; gain = 413.984
---------------------------------------------------------------------------------

Report RTL Partitions: 
+-+--------------+------------+----------+
| |RTL Partition |Replication |Instances |
+-+--------------+------------+----------+
+-+--------------+------------+----------+
---------------------------------------------------------------------------------
Start Rebuilding User Hierarchy
---------------------------------------------------------------------------------
---------------------------------------------------------------------------------
Finished Rebuilding User Hierarchy : Time (s): cpu = 00:01:09 ; elapsed = 00:01:17 . Memory (MB): peak = 590.574 ; gain = 413.984
---------------------------------------------------------------------------------
---------------------------------------------------------------------------------
Start Renaming Generated Ports : Time (s): cpu = 00:01:09 ; elapsed = 00:01:17 . Memory (MB): peak = 590.574 ; gain = 413.984
---------------------------------------------------------------------------------
---------------------------------------------------------------------------------
Finished Renaming Generated Ports : Time (s): cpu = 00:01:09 ; elapsed = 00:01:17 . Memory (MB): peak = 590.574 ; gain = 413.984
---------------------------------------------------------------------------------
---------------------------------------------------------------------------------
Start Writing Synthesis Report
---------------------------------------------------------------------------------

Report BlackBoxes: 
+-+--------------+----------+
| |BlackBox name |Instances |
+-+--------------+----------+
+-+--------------+----------+

Report Cell Usage: 
+------+-------+------+
|      |Cell   |Count |
+------+-------+------+
|1     |BUFG   |     2|
|2     |CARRY4 |    11|
|3     |LUT1   |    30|
|4     |LUT2   |    21|
|5     |LUT3   |     6|
|6     |LUT4   |     9|
|7     |LUT5   |     9|
|8     |LUT6   |    15|
|9     |FDRE   |    72|
|10    |FDSE   |     1|
|11    |IBUF   |     1|
|12    |OBUF   |    14|
+------+-------+------+

Report Instance Areas: 
+------+-----------+----------------+------+
|      |Instance   |Module          |Cells |
+------+-----------+----------------+------+
|1     |top        |                |   191|
|2     |  div      |Divider         |    71|
|3     |  game     |Game_Controller |     1|
|4     |  veegeeay |VGA             |   102|
+------+-----------+----------------+------+
---------------------------------------------------------------------------------
Finished Writing Synthesis Report : Time (s): cpu = 00:01:09 ; elapsed = 00:01:17 . Memory (MB): peak = 590.574 ; gain = 413.984
---------------------------------------------------------------------------------
Synthesis finished with 0 errors, 0 critical warnings and 19 warnings.
Synthesis Optimization Runtime : Time (s): cpu = 00:00:38 ; elapsed = 00:00:52 . Memory (MB): peak = 590.574 ; gain = 88.406
Synthesis Optimization Complete : Time (s): cpu = 00:01:10 ; elapsed = 00:01:17 . Memory (MB): peak = 590.574 ; gain = 413.984
INFO: [Project 1-571] Translating synthesized netlist
INFO: [Netlist 29-17] Analyzing 12 Unisim elements for replacement
INFO: [Netlist 29-28] Unisim Transformation completed in 0 CPU seconds
INFO: [Project 1-570] Preparing netlist for logic optimization
INFO: [Opt 31-138] Pushed 0 inverter(s) to 0 load pin(s).
INFO: [Project 1-111] Unisim Transformation Summary:
No Unisim elements were transformed.

INFO: [Common 17-83] Releasing license: Synthesis
25 Infos, 19 Warnings, 0 Critical Warnings and 0 Errors encountered.
synth_design completed successfully
synth_design: Time (s): cpu = 00:01:07 ; elapsed = 00:01:13 . Memory (MB): peak = 590.574 ; gain = 381.703
report_utilization: Time (s): cpu = 00:00:00 ; elapsed = 00:00:00.129 . Memory (MB): peak = 590.574 ; gain = 0.000
INFO: [Common 17-206] Exiting Vivado at Tue Nov 03 19:11:11 2015...
