Copyright 1986-2015 Xilinx, Inc. All Rights Reserved.
-------------------------------------------------------------------------------------------------------------------------------------------------------------------
| Tool Version : Vivado v.2015.2.1 (win64) Build 1302555 Wed Aug  5 13:06:02 MDT 2015
| Date         : Mon Nov 30 18:08:37 2015
| Host         : JJ running 64-bit major release  (build 9200)
| Command      : report_timing_summary -warn_on_violation -max_paths 10 -file Complete_MIPS_timing_summary_routed.rpt -rpx Complete_MIPS_timing_summary_routed.rpx
| Design       : Complete_MIPS
| Device       : 7a35t-cpg236
| Speed File   : -1  PRODUCTION 1.14 2014-09-11
-------------------------------------------------------------------------------------------------------------------------------------------------------------------

Timing Summary Report

------------------------------------------------------------------------------------------------
| Timer Settings
| --------------
------------------------------------------------------------------------------------------------

  Enable Multi Corner Analysis               :  Yes
  Enable Pessimism Removal                   :  Yes
  Pessimism Removal Resolution               :  Nearest Common Node
  Enable Input Delay Default Clock           :  No
  Enable Preset / Clear Arcs                 :  No
  Disable Flight Delays                      :  No

  Corner  Analyze    Analyze    
  Name    Max Paths  Min Paths  
  ------  ---------  ---------  
  Slow    Yes        Yes        
  Fast    Yes        Yes        



check_timing report

Table of Contents
-----------------
1. checking no_clock
2. checking constant_clock
3. checking pulse_width_clock
4. checking unconstrained_internal_endpoints
5. checking no_input_delay
6. checking no_output_delay
7. checking multiple_clock
8. checking generated_clocks
9. checking loops
10. checking partial_input_delay
11. checking partial_output_delay
12. checking latch_loops

1. checking no_clock
--------------------
 There are 1245 register/latch pins with no clock driven by root clock pin: slowclk/slowClk_reg/C (HIGH)


2. checking constant_clock
--------------------------
 There are 0 register/latch pins with constant_clock.


3. checking pulse_width_clock
-----------------------------
 There are 0 register/latch pins which need pulse_width check


4. checking unconstrained_internal_endpoints
--------------------------------------------
 There are 0 pins that are not constrained for maximum delay.

 There are 0 pins that are not constrained for maximum delay due to constant clock.


5. checking no_input_delay
--------------------------
 There are 2 input ports with no input delay specified. (HIGH)

 There are 0 input ports with no input delay but user has a false path constraint.


6. checking no_output_delay
---------------------------
 There are 8 ports with no output delay specified. (HIGH)

 There are 0 ports with no output delay but user has a false path constraint

 There are 0 ports with no output delay but with a timing clock defined on it or propagating through it


7. checking multiple_clock
--------------------------
 There are 0 register/latch pins with multiple clocks.


8. checking generated_clocks
----------------------------
 There are 0 generated clocks that are not connected to a clock source.


9. checking loops
-----------------
 There are 0 combinational loops in the design.


10. checking partial_input_delay
--------------------------------
 There are 0 input ports with partial input delay specified.


11. checking partial_output_delay
---------------------------------
 There are 0 ports with partial output delay specified.


12. checking latch_loops
------------------------
 There are 0 combinational latch loops in the design through latch input



------------------------------------------------------------------------------------------------
| Design Timing Summary
| ---------------------
------------------------------------------------------------------------------------------------

    WNS(ns)      TNS(ns)  TNS Failing Endpoints  TNS Total Endpoints      WHS(ns)      THS(ns)  THS Failing Endpoints  THS Total Endpoints     WPWS(ns)     TPWS(ns)  TPWS Failing Endpoints  TPWS Total Endpoints  
    -------      -------  ---------------------  -------------------      -------      -------  ---------------------  -------------------     --------     --------  ----------------------  --------------------  
      6.130        0.000                      0                   57        0.261        0.000                      0                   57        4.500        0.000                       0                    30  


All user specified timing constraints are met.


------------------------------------------------------------------------------------------------
| Clock Summary
| -------------
------------------------------------------------------------------------------------------------

Clock        Waveform(ns)       Period(ns)      Frequency(MHz)
-----        ------------       ----------      --------------
sys_clk_pin  {0.000 5.000}      10.000          100.000         


------------------------------------------------------------------------------------------------
| Intra Clock Table
| -----------------
------------------------------------------------------------------------------------------------

Clock             WNS(ns)      TNS(ns)  TNS Failing Endpoints  TNS Total Endpoints      WHS(ns)      THS(ns)  THS Failing Endpoints  THS Total Endpoints     WPWS(ns)     TPWS(ns)  TPWS Failing Endpoints  TPWS Total Endpoints  
-----             -------      -------  ---------------------  -------------------      -------      -------  ---------------------  -------------------     --------     --------  ----------------------  --------------------  
sys_clk_pin         6.130        0.000                      0                   57        0.261        0.000                      0                   57        4.500        0.000                       0                    30  


------------------------------------------------------------------------------------------------
| Inter Clock Table
| -----------------
------------------------------------------------------------------------------------------------

From Clock    To Clock          WNS(ns)      TNS(ns)  TNS Failing Endpoints  TNS Total Endpoints      WHS(ns)      THS(ns)  THS Failing Endpoints  THS Total Endpoints  
----------    --------          -------      -------  ---------------------  -------------------      -------      -------  ---------------------  -------------------  


------------------------------------------------------------------------------------------------
| Other Path Groups Table
| -----------------------
------------------------------------------------------------------------------------------------

Path Group    From Clock    To Clock          WNS(ns)      TNS(ns)  TNS Failing Endpoints  TNS Total Endpoints      WHS(ns)      THS(ns)  THS Failing Endpoints  THS Total Endpoints  
----------    ----------    --------          -------      -------  ---------------------  -------------------      -------      -------  ---------------------  -------------------  


------------------------------------------------------------------------------------------------
| Timing Details
| --------------
------------------------------------------------------------------------------------------------


---------------------------------------------------------------------------------------------------
From Clock:  sys_clk_pin
  To Clock:  sys_clk_pin

Setup :            0  Failing Endpoints,  Worst Slack        6.130ns,  Total Violation        0.000ns
Hold  :            0  Failing Endpoints,  Worst Slack        0.261ns,  Total Violation        0.000ns
PW    :            0  Failing Endpoints,  Worst Slack        4.500ns,  Total Violation        0.000ns
---------------------------------------------------------------------------------------------------


Max Delay Paths
--------------------------------------------------------------------------------------
Slack (MET) :             6.130ns  (required time - arrival time)
  Source:                 slowclk/counter_reg[2]/C
                            (rising edge-triggered cell FDRE clocked by sys_clk_pin  {rise@0.000ns fall@5.000ns period=10.000ns})
  Destination:            slowclk/counter_reg[0]/S
                            (rising edge-triggered cell FDSE clocked by sys_clk_pin  {rise@0.000ns fall@5.000ns period=10.000ns})
  Path Group:             sys_clk_pin
  Path Type:              Setup (Max at Slow Process Corner)
  Requirement:            10.000ns  (sys_clk_pin rise@10.000ns - sys_clk_pin rise@0.000ns)
  Data Path Delay:        3.406ns  (logic 0.704ns (20.671%)  route 2.702ns (79.329%))
  Logic Levels:           2  (LUT5=1 LUT6=1)
  Clock Path Skew:        0.000ns (DCD - SCD + CPR)
    Destination Clock Delay (DCD):    4.787ns = ( 14.787 - 10.000 ) 
    Source Clock Delay      (SCD):    5.086ns
    Clock Pessimism Removal (CPR):    0.299ns
  Clock Uncertainty:      0.035ns  ((TSJ^2 + TIJ^2)^1/2 + DJ) / 2 + PE
    Total System Jitter     (TSJ):    0.071ns
    Total Input Jitter      (TIJ):    0.000ns
    Discrete Jitter          (DJ):    0.000ns
    Phase Error              (PE):    0.000ns

    Location             Delay type                Incr(ns)  Path(ns)    Netlist Resource(s)
  -------------------------------------------------------------------    -------------------
                         (clock sys_clk_pin rise edge)
                                                      0.000     0.000 r  
    W5                                                0.000     0.000 r  clk (IN)
                         net (fo=0)                   0.000     0.000    clk
    W5                   IBUF (Prop_ibuf_I_O)         1.458     1.458 r  clk_IBUF_inst/O
                         net (fo=1, routed)           1.967     3.425    clk_IBUF
    BUFGCTRL_X0Y1        BUFG (Prop_bufg_I_O)         0.096     3.521 r  clk_IBUF_BUFG_inst/O
                         net (fo=29, routed)          1.565     5.086    slowclk/clk
    SLICE_X29Y42         FDRE                                         r  slowclk/counter_reg[2]/C
  -------------------------------------------------------------------    -------------------
    SLICE_X29Y42         FDRE (Prop_fdre_C_Q)         0.456     5.542 f  slowclk/counter_reg[2]/Q
                         net (fo=2, routed)           1.006     6.548    slowclk/counter_reg[2]
    SLICE_X28Y43         LUT6 (Prop_lut6_I2_O)        0.124     6.672 r  slowclk/counter[0]_i_7/O
                         net (fo=2, routed)           0.984     7.657    slowclk/counter[0]_i_7_n_0
    SLICE_X28Y46         LUT5 (Prop_lut5_I4_O)        0.124     7.781 r  slowclk/counter[0]_i_1/O
                         net (fo=28, routed)          0.712     8.492    slowclk/clear
    SLICE_X29Y42         FDSE                                         r  slowclk/counter_reg[0]/S
  -------------------------------------------------------------------    -------------------

                         (clock sys_clk_pin rise edge)
                                                     10.000    10.000 r  
    W5                                                0.000    10.000 r  clk (IN)
                         net (fo=0)                   0.000    10.000    clk
    W5                   IBUF (Prop_ibuf_I_O)         1.388    11.388 r  clk_IBUF_inst/O
                         net (fo=1, routed)           1.862    13.250    clk_IBUF
    BUFGCTRL_X0Y1        BUFG (Prop_bufg_I_O)         0.091    13.341 r  clk_IBUF_BUFG_inst/O
                         net (fo=29, routed)          1.446    14.787    slowclk/clk
    SLICE_X29Y42         FDSE                                         r  slowclk/counter_reg[0]/C
                         clock pessimism              0.299    15.086    
                         clock uncertainty           -0.035    15.051    
    SLICE_X29Y42         FDSE (Setup_fdse_C_S)       -0.429    14.622    slowclk/counter_reg[0]
  -------------------------------------------------------------------
                         required time                         14.622    
                         arrival time                          -8.492    
  -------------------------------------------------------------------
                         slack                                  6.130    

Slack (MET) :             6.130ns  (required time - arrival time)
  Source:                 slowclk/counter_reg[2]/C
                            (rising edge-triggered cell FDRE clocked by sys_clk_pin  {rise@0.000ns fall@5.000ns period=10.000ns})
  Destination:            slowclk/counter_reg[1]/R
                            (rising edge-triggered cell FDRE clocked by sys_clk_pin  {rise@0.000ns fall@5.000ns period=10.000ns})
  Path Group:             sys_clk_pin
  Path Type:              Setup (Max at Slow Process Corner)
  Requirement:            10.000ns  (sys_clk_pin rise@10.000ns - sys_clk_pin rise@0.000ns)
  Data Path Delay:        3.406ns  (logic 0.704ns (20.671%)  route 2.702ns (79.329%))
  Logic Levels:           2  (LUT5=1 LUT6=1)
  Clock Path Skew:        0.000ns (DCD - SCD + CPR)
    Destination Clock Delay (DCD):    4.787ns = ( 14.787 - 10.000 ) 
    Source Clock Delay      (SCD):    5.086ns
    Clock Pessimism Removal (CPR):    0.299ns
  Clock Uncertainty:      0.035ns  ((TSJ^2 + TIJ^2)^1/2 + DJ) / 2 + PE
    Total System Jitter     (TSJ):    0.071ns
    Total Input Jitter      (TIJ):    0.000ns
    Discrete Jitter          (DJ):    0.000ns
    Phase Error              (PE):    0.000ns

    Location             Delay type                Incr(ns)  Path(ns)    Netlist Resource(s)
  -------------------------------------------------------------------    -------------------
                         (clock sys_clk_pin rise edge)
                                                      0.000     0.000 r  
    W5                                                0.000     0.000 r  clk (IN)
                         net (fo=0)                   0.000     0.000    clk
    W5                   IBUF (Prop_ibuf_I_O)         1.458     1.458 r  clk_IBUF_inst/O
                         net (fo=1, routed)           1.967     3.425    clk_IBUF
    BUFGCTRL_X0Y1        BUFG (Prop_bufg_I_O)         0.096     3.521 r  clk_IBUF_BUFG_inst/O
                         net (fo=29, routed)          1.565     5.086    slowclk/clk
    SLICE_X29Y42         FDRE                                         r  slowclk/counter_reg[2]/C
  -------------------------------------------------------------------    -------------------
    SLICE_X29Y42         FDRE (Prop_fdre_C_Q)         0.456     5.542 f  slowclk/counter_reg[2]/Q
                         net (fo=2, routed)           1.006     6.548    slowclk/counter_reg[2]
    SLICE_X28Y43         LUT6 (Prop_lut6_I2_O)        0.124     6.672 r  slowclk/counter[0]_i_7/O
                         net (fo=2, routed)           0.984     7.657    slowclk/counter[0]_i_7_n_0
    SLICE_X28Y46         LUT5 (Prop_lut5_I4_O)        0.124     7.781 r  slowclk/counter[0]_i_1/O
                         net (fo=28, routed)          0.712     8.492    slowclk/clear
    SLICE_X29Y42         FDRE                                         r  slowclk/counter_reg[1]/R
  -------------------------------------------------------------------    -------------------

                         (clock sys_clk_pin rise edge)
                                                     10.000    10.000 r  
    W5                                                0.000    10.000 r  clk (IN)
                         net (fo=0)                   0.000    10.000    clk
    W5                   IBUF (Prop_ibuf_I_O)         1.388    11.388 r  clk_IBUF_inst/O
                         net (fo=1, routed)           1.862    13.250    clk_IBUF
    BUFGCTRL_X0Y1        BUFG (Prop_bufg_I_O)         0.091    13.341 r  clk_IBUF_BUFG_inst/O
                         net (fo=29, routed)          1.446    14.787    slowclk/clk
    SLICE_X29Y42         FDRE                                         r  slowclk/counter_reg[1]/C
                         clock pessimism              0.299    15.086    
                         clock uncertainty           -0.035    15.051    
    SLICE_X29Y42         FDRE (Setup_fdre_C_R)       -0.429    14.622    slowclk/counter_reg[1]
  -------------------------------------------------------------------
                         required time                         14.622    
                         arrival time                          -8.492    
  -------------------------------------------------------------------
                         slack                                  6.130    

Slack (MET) :             6.130ns  (required time - arrival time)
  Source:                 slowclk/counter_reg[2]/C
                            (rising edge-triggered cell FDRE clocked by sys_clk_pin  {rise@0.000ns fall@5.000ns period=10.000ns})
  Destination:            slowclk/counter_reg[2]/R
                            (rising edge-triggered cell FDRE clocked by sys_clk_pin  {rise@0.000ns fall@5.000ns period=10.000ns})
  Path Group:             sys_clk_pin
  Path Type:              Setup (Max at Slow Process Corner)
  Requirement:            10.000ns  (sys_clk_pin rise@10.000ns - sys_clk_pin rise@0.000ns)
  Data Path Delay:        3.406ns  (logic 0.704ns (20.671%)  route 2.702ns (79.329%))
  Logic Levels:           2  (LUT5=1 LUT6=1)
  Clock Path Skew:        0.000ns (DCD - SCD + CPR)
    Destination Clock Delay (DCD):    4.787ns = ( 14.787 - 10.000 ) 
    Source Clock Delay      (SCD):    5.086ns
    Clock Pessimism Removal (CPR):    0.299ns
  Clock Uncertainty:      0.035ns  ((TSJ^2 + TIJ^2)^1/2 + DJ) / 2 + PE
    Total System Jitter     (TSJ):    0.071ns
    Total Input Jitter      (TIJ):    0.000ns
    Discrete Jitter          (DJ):    0.000ns
    Phase Error              (PE):    0.000ns

    Location             Delay type                Incr(ns)  Path(ns)    Netlist Resource(s)
  -------------------------------------------------------------------    -------------------
                         (clock sys_clk_pin rise edge)
                                                      0.000     0.000 r  
    W5                                                0.000     0.000 r  clk (IN)
                         net (fo=0)                   0.000     0.000    clk
    W5                   IBUF (Prop_ibuf_I_O)         1.458     1.458 r  clk_IBUF_inst/O
                         net (fo=1, routed)           1.967     3.425    clk_IBUF
    BUFGCTRL_X0Y1        BUFG (Prop_bufg_I_O)         0.096     3.521 r  clk_IBUF_BUFG_inst/O
                         net (fo=29, routed)          1.565     5.086    slowclk/clk
    SLICE_X29Y42         FDRE                                         r  slowclk/counter_reg[2]/C
  -------------------------------------------------------------------    -------------------
    SLICE_X29Y42         FDRE (Prop_fdre_C_Q)         0.456     5.542 f  slowclk/counter_reg[2]/Q
                         net (fo=2, routed)           1.006     6.548    slowclk/counter_reg[2]
    SLICE_X28Y43         LUT6 (Prop_lut6_I2_O)        0.124     6.672 r  slowclk/counter[0]_i_7/O
                         net (fo=2, routed)           0.984     7.657    slowclk/counter[0]_i_7_n_0
    SLICE_X28Y46         LUT5 (Prop_lut5_I4_O)        0.124     7.781 r  slowclk/counter[0]_i_1/O
                         net (fo=28, routed)          0.712     8.492    slowclk/clear
    SLICE_X29Y42         FDRE                                         r  slowclk/counter_reg[2]/R
  -------------------------------------------------------------------    -------------------

                         (clock sys_clk_pin rise edge)
                                                     10.000    10.000 r  
    W5                                                0.000    10.000 r  clk (IN)
                         net (fo=0)                   0.000    10.000    clk
    W5                   IBUF (Prop_ibuf_I_O)         1.388    11.388 r  clk_IBUF_inst/O
                         net (fo=1, routed)           1.862    13.250    clk_IBUF
    BUFGCTRL_X0Y1        BUFG (Prop_bufg_I_O)         0.091    13.341 r  clk_IBUF_BUFG_inst/O
                         net (fo=29, routed)          1.446    14.787    slowclk/clk
    SLICE_X29Y42         FDRE                                         r  slowclk/counter_reg[2]/C
                         clock pessimism              0.299    15.086    
                         clock uncertainty           -0.035    15.051    
    SLICE_X29Y42         FDRE (Setup_fdre_C_R)       -0.429    14.622    slowclk/counter_reg[2]
  -------------------------------------------------------------------
                         required time                         14.622    
                         arrival time                          -8.492    
  -------------------------------------------------------------------
                         slack                                  6.130    

Slack (MET) :             6.130ns  (required time - arrival time)
  Source:                 slowclk/counter_reg[2]/C
                            (rising edge-triggered cell FDRE clocked by sys_clk_pin  {rise@0.000ns fall@5.000ns period=10.000ns})
  Destination:            slowclk/counter_reg[3]/R
                            (rising edge-triggered cell FDRE clocked by sys_clk_pin  {rise@0.000ns fall@5.000ns period=10.000ns})
  Path Group:             sys_clk_pin
  Path Type:              Setup (Max at Slow Process Corner)
  Requirement:            10.000ns  (sys_clk_pin rise@10.000ns - sys_clk_pin rise@0.000ns)
  Data Path Delay:        3.406ns  (logic 0.704ns (20.671%)  route 2.702ns (79.329%))
  Logic Levels:           2  (LUT5=1 LUT6=1)
  Clock Path Skew:        0.000ns (DCD - SCD + CPR)
    Destination Clock Delay (DCD):    4.787ns = ( 14.787 - 10.000 ) 
    Source Clock Delay      (SCD):    5.086ns
    Clock Pessimism Removal (CPR):    0.299ns
  Clock Uncertainty:      0.035ns  ((TSJ^2 + TIJ^2)^1/2 + DJ) / 2 + PE
    Total System Jitter     (TSJ):    0.071ns
    Total Input Jitter      (TIJ):    0.000ns
    Discrete Jitter          (DJ):    0.000ns
    Phase Error              (PE):    0.000ns

    Location             Delay type                Incr(ns)  Path(ns)    Netlist Resource(s)
  -------------------------------------------------------------------    -------------------
                         (clock sys_clk_pin rise edge)
                                                      0.000     0.000 r  
    W5                                                0.000     0.000 r  clk (IN)
                         net (fo=0)                   0.000     0.000    clk
    W5                   IBUF (Prop_ibuf_I_O)         1.458     1.458 r  clk_IBUF_inst/O
                         net (fo=1, routed)           1.967     3.425    clk_IBUF
    BUFGCTRL_X0Y1        BUFG (Prop_bufg_I_O)         0.096     3.521 r  clk_IBUF_BUFG_inst/O
                         net (fo=29, routed)          1.565     5.086    slowclk/clk
    SLICE_X29Y42         FDRE                                         r  slowclk/counter_reg[2]/C
  -------------------------------------------------------------------    -------------------
    SLICE_X29Y42         FDRE (Prop_fdre_C_Q)         0.456     5.542 f  slowclk/counter_reg[2]/Q
                         net (fo=2, routed)           1.006     6.548    slowclk/counter_reg[2]
    SLICE_X28Y43         LUT6 (Prop_lut6_I2_O)        0.124     6.672 r  slowclk/counter[0]_i_7/O
                         net (fo=2, routed)           0.984     7.657    slowclk/counter[0]_i_7_n_0
    SLICE_X28Y46         LUT5 (Prop_lut5_I4_O)        0.124     7.781 r  slowclk/counter[0]_i_1/O
                         net (fo=28, routed)          0.712     8.492    slowclk/clear
    SLICE_X29Y42         FDRE                                         r  slowclk/counter_reg[3]/R
  -------------------------------------------------------------------    -------------------

                         (clock sys_clk_pin rise edge)
                                                     10.000    10.000 r  
    W5                                                0.000    10.000 r  clk (IN)
                         net (fo=0)                   0.000    10.000    clk
    W5                   IBUF (Prop_ibuf_I_O)         1.388    11.388 r  clk_IBUF_inst/O
                         net (fo=1, routed)           1.862    13.250    clk_IBUF
    BUFGCTRL_X0Y1        BUFG (Prop_bufg_I_O)         0.091    13.341 r  clk_IBUF_BUFG_inst/O
                         net (fo=29, routed)          1.446    14.787    slowclk/clk
    SLICE_X29Y42         FDRE                                         r  slowclk/counter_reg[3]/C
                         clock pessimism              0.299    15.086    
                         clock uncertainty           -0.035    15.051    
    SLICE_X29Y42         FDRE (Setup_fdre_C_R)       -0.429    14.622    slowclk/counter_reg[3]
  -------------------------------------------------------------------
                         required time                         14.622    
                         arrival time                          -8.492    
  -------------------------------------------------------------------
                         slack                                  6.130    

Slack (MET) :             6.155ns  (required time - arrival time)
  Source:                 slowclk/counter_reg[2]/C
                            (rising edge-triggered cell FDRE clocked by sys_clk_pin  {rise@0.000ns fall@5.000ns period=10.000ns})
  Destination:            slowclk/counter_reg[4]/R
                            (rising edge-triggered cell FDRE clocked by sys_clk_pin  {rise@0.000ns fall@5.000ns period=10.000ns})
  Path Group:             sys_clk_pin
  Path Type:              Setup (Max at Slow Process Corner)
  Requirement:            10.000ns  (sys_clk_pin rise@10.000ns - sys_clk_pin rise@0.000ns)
  Data Path Delay:        3.357ns  (logic 0.704ns (20.972%)  route 2.653ns (79.028%))
  Logic Levels:           2  (LUT5=1 LUT6=1)
  Clock Path Skew:        -0.024ns (DCD - SCD + CPR)
    Destination Clock Delay (DCD):    4.788ns = ( 14.788 - 10.000 ) 
    Source Clock Delay      (SCD):    5.086ns
    Clock Pessimism Removal (CPR):    0.274ns
  Clock Uncertainty:      0.035ns  ((TSJ^2 + TIJ^2)^1/2 + DJ) / 2 + PE
    Total System Jitter     (TSJ):    0.071ns
    Total Input Jitter      (TIJ):    0.000ns
    Discrete Jitter          (DJ):    0.000ns
    Phase Error              (PE):    0.000ns

    Location             Delay type                Incr(ns)  Path(ns)    Netlist Resource(s)
  -------------------------------------------------------------------    -------------------
                         (clock sys_clk_pin rise edge)
                                                      0.000     0.000 r  
    W5                                                0.000     0.000 r  clk (IN)
                         net (fo=0)                   0.000     0.000    clk
    W5                   IBUF (Prop_ibuf_I_O)         1.458     1.458 r  clk_IBUF_inst/O
                         net (fo=1, routed)           1.967     3.425    clk_IBUF
    BUFGCTRL_X0Y1        BUFG (Prop_bufg_I_O)         0.096     3.521 r  clk_IBUF_BUFG_inst/O
                         net (fo=29, routed)          1.565     5.086    slowclk/clk
    SLICE_X29Y42         FDRE                                         r  slowclk/counter_reg[2]/C
  -------------------------------------------------------------------    -------------------
    SLICE_X29Y42         FDRE (Prop_fdre_C_Q)         0.456     5.542 f  slowclk/counter_reg[2]/Q
                         net (fo=2, routed)           1.006     6.548    slowclk/counter_reg[2]
    SLICE_X28Y43         LUT6 (Prop_lut6_I2_O)        0.124     6.672 r  slowclk/counter[0]_i_7/O
                         net (fo=2, routed)           0.984     7.657    slowclk/counter[0]_i_7_n_0
    SLICE_X28Y46         LUT5 (Prop_lut5_I4_O)        0.124     7.781 r  slowclk/counter[0]_i_1/O
                         net (fo=28, routed)          0.663     8.443    slowclk/clear
    SLICE_X29Y43         FDRE                                         r  slowclk/counter_reg[4]/R
  -------------------------------------------------------------------    -------------------

                         (clock sys_clk_pin rise edge)
                                                     10.000    10.000 r  
    W5                                                0.000    10.000 r  clk (IN)
                         net (fo=0)                   0.000    10.000    clk
    W5                   IBUF (Prop_ibuf_I_O)         1.388    11.388 r  clk_IBUF_inst/O
                         net (fo=1, routed)           1.862    13.250    clk_IBUF
    BUFGCTRL_X0Y1        BUFG (Prop_bufg_I_O)         0.091    13.341 r  clk_IBUF_BUFG_inst/O
                         net (fo=29, routed)          1.447    14.788    slowclk/clk
    SLICE_X29Y43         FDRE                                         r  slowclk/counter_reg[4]/C
                         clock pessimism              0.274    15.062    
                         clock uncertainty           -0.035    15.027    
    SLICE_X29Y43         FDRE (Setup_fdre_C_R)       -0.429    14.598    slowclk/counter_reg[4]
  -------------------------------------------------------------------
                         required time                         14.598    
                         arrival time                          -8.443    
  -------------------------------------------------------------------
                         slack                                  6.155    

Slack (MET) :             6.155ns  (required time - arrival time)
  Source:                 slowclk/counter_reg[2]/C
                            (rising edge-triggered cell FDRE clocked by sys_clk_pin  {rise@0.000ns fall@5.000ns period=10.000ns})
  Destination:            slowclk/counter_reg[5]/R
                            (rising edge-triggered cell FDRE clocked by sys_clk_pin  {rise@0.000ns fall@5.000ns period=10.000ns})
  Path Group:             sys_clk_pin
  Path Type:              Setup (Max at Slow Process Corner)
  Requirement:            10.000ns  (sys_clk_pin rise@10.000ns - sys_clk_pin rise@0.000ns)
  Data Path Delay:        3.357ns  (logic 0.704ns (20.972%)  route 2.653ns (79.028%))
  Logic Levels:           2  (LUT5=1 LUT6=1)
  Clock Path Skew:        -0.024ns (DCD - SCD + CPR)
    Destination Clock Delay (DCD):    4.788ns = ( 14.788 - 10.000 ) 
    Source Clock Delay      (SCD):    5.086ns
    Clock Pessimism Removal (CPR):    0.274ns
  Clock Uncertainty:      0.035ns  ((TSJ^2 + TIJ^2)^1/2 + DJ) / 2 + PE
    Total System Jitter     (TSJ):    0.071ns
    Total Input Jitter      (TIJ):    0.000ns
    Discrete Jitter          (DJ):    0.000ns
    Phase Error              (PE):    0.000ns

    Location             Delay type                Incr(ns)  Path(ns)    Netlist Resource(s)
  -------------------------------------------------------------------    -------------------
                         (clock sys_clk_pin rise edge)
                                                      0.000     0.000 r  
    W5                                                0.000     0.000 r  clk (IN)
                         net (fo=0)                   0.000     0.000    clk
    W5                   IBUF (Prop_ibuf_I_O)         1.458     1.458 r  clk_IBUF_inst/O
                         net (fo=1, routed)           1.967     3.425    clk_IBUF
    BUFGCTRL_X0Y1        BUFG (Prop_bufg_I_O)         0.096     3.521 r  clk_IBUF_BUFG_inst/O
                         net (fo=29, routed)          1.565     5.086    slowclk/clk
    SLICE_X29Y42         FDRE                                         r  slowclk/counter_reg[2]/C
  -------------------------------------------------------------------    -------------------
    SLICE_X29Y42         FDRE (Prop_fdre_C_Q)         0.456     5.542 f  slowclk/counter_reg[2]/Q
                         net (fo=2, routed)           1.006     6.548    slowclk/counter_reg[2]
    SLICE_X28Y43         LUT6 (Prop_lut6_I2_O)        0.124     6.672 r  slowclk/counter[0]_i_7/O
                         net (fo=2, routed)           0.984     7.657    slowclk/counter[0]_i_7_n_0
    SLICE_X28Y46         LUT5 (Prop_lut5_I4_O)        0.124     7.781 r  slowclk/counter[0]_i_1/O
                         net (fo=28, routed)          0.663     8.443    slowclk/clear
    SLICE_X29Y43         FDRE                                         r  slowclk/counter_reg[5]/R
  -------------------------------------------------------------------    -------------------

                         (clock sys_clk_pin rise edge)
                                                     10.000    10.000 r  
    W5                                                0.000    10.000 r  clk (IN)
                         net (fo=0)                   0.000    10.000    clk
    W5                   IBUF (Prop_ibuf_I_O)         1.388    11.388 r  clk_IBUF_inst/O
                         net (fo=1, routed)           1.862    13.250    clk_IBUF
    BUFGCTRL_X0Y1        BUFG (Prop_bufg_I_O)         0.091    13.341 r  clk_IBUF_BUFG_inst/O
                         net (fo=29, routed)          1.447    14.788    slowclk/clk
    SLICE_X29Y43         FDRE                                         r  slowclk/counter_reg[5]/C
                         clock pessimism              0.274    15.062    
                         clock uncertainty           -0.035    15.027    
    SLICE_X29Y43         FDRE (Setup_fdre_C_R)       -0.429    14.598    slowclk/counter_reg[5]
  -------------------------------------------------------------------
                         required time                         14.598    
                         arrival time                          -8.443    
  -------------------------------------------------------------------
                         slack                                  6.155    

Slack (MET) :             6.155ns  (required time - arrival time)
  Source:                 slowclk/counter_reg[2]/C
                            (rising edge-triggered cell FDRE clocked by sys_clk_pin  {rise@0.000ns fall@5.000ns period=10.000ns})
  Destination:            slowclk/counter_reg[6]/R
                            (rising edge-triggered cell FDRE clocked by sys_clk_pin  {rise@0.000ns fall@5.000ns period=10.000ns})
  Path Group:             sys_clk_pin
  Path Type:              Setup (Max at Slow Process Corner)
  Requirement:            10.000ns  (sys_clk_pin rise@10.000ns - sys_clk_pin rise@0.000ns)
  Data Path Delay:        3.357ns  (logic 0.704ns (20.972%)  route 2.653ns (79.028%))
  Logic Levels:           2  (LUT5=1 LUT6=1)
  Clock Path Skew:        -0.024ns (DCD - SCD + CPR)
    Destination Clock Delay (DCD):    4.788ns = ( 14.788 - 10.000 ) 
    Source Clock Delay      (SCD):    5.086ns
    Clock Pessimism Removal (CPR):    0.274ns
  Clock Uncertainty:      0.035ns  ((TSJ^2 + TIJ^2)^1/2 + DJ) / 2 + PE
    Total System Jitter     (TSJ):    0.071ns
    Total Input Jitter      (TIJ):    0.000ns
    Discrete Jitter          (DJ):    0.000ns
    Phase Error              (PE):    0.000ns

    Location             Delay type                Incr(ns)  Path(ns)    Netlist Resource(s)
  -------------------------------------------------------------------    -------------------
                         (clock sys_clk_pin rise edge)
                                                      0.000     0.000 r  
    W5                                                0.000     0.000 r  clk (IN)
                         net (fo=0)                   0.000     0.000    clk
    W5                   IBUF (Prop_ibuf_I_O)         1.458     1.458 r  clk_IBUF_inst/O
                         net (fo=1, routed)           1.967     3.425    clk_IBUF
    BUFGCTRL_X0Y1        BUFG (Prop_bufg_I_O)         0.096     3.521 r  clk_IBUF_BUFG_inst/O
                         net (fo=29, routed)          1.565     5.086    slowclk/clk
    SLICE_X29Y42         FDRE                                         r  slowclk/counter_reg[2]/C
  -------------------------------------------------------------------    -------------------
    SLICE_X29Y42         FDRE (Prop_fdre_C_Q)         0.456     5.542 f  slowclk/counter_reg[2]/Q
                         net (fo=2, routed)           1.006     6.548    slowclk/counter_reg[2]
    SLICE_X28Y43         LUT6 (Prop_lut6_I2_O)        0.124     6.672 r  slowclk/counter[0]_i_7/O
                         net (fo=2, routed)           0.984     7.657    slowclk/counter[0]_i_7_n_0
    SLICE_X28Y46         LUT5 (Prop_lut5_I4_O)        0.124     7.781 r  slowclk/counter[0]_i_1/O
                         net (fo=28, routed)          0.663     8.443    slowclk/clear
    SLICE_X29Y43         FDRE                                         r  slowclk/counter_reg[6]/R
  -------------------------------------------------------------------    -------------------

                         (clock sys_clk_pin rise edge)
                                                     10.000    10.000 r  
    W5                                                0.000    10.000 r  clk (IN)
                         net (fo=0)                   0.000    10.000    clk
    W5                   IBUF (Prop_ibuf_I_O)         1.388    11.388 r  clk_IBUF_inst/O
                         net (fo=1, routed)           1.862    13.250    clk_IBUF
    BUFGCTRL_X0Y1        BUFG (Prop_bufg_I_O)         0.091    13.341 r  clk_IBUF_BUFG_inst/O
                         net (fo=29, routed)          1.447    14.788    slowclk/clk
    SLICE_X29Y43         FDRE                                         r  slowclk/counter_reg[6]/C
                         clock pessimism              0.274    15.062    
                         clock uncertainty           -0.035    15.027    
    SLICE_X29Y43         FDRE (Setup_fdre_C_R)       -0.429    14.598    slowclk/counter_reg[6]
  -------------------------------------------------------------------
                         required time                         14.598    
                         arrival time                          -8.443    
  -------------------------------------------------------------------
                         slack                                  6.155    

Slack (MET) :             6.155ns  (required time - arrival time)
  Source:                 slowclk/counter_reg[2]/C
                            (rising edge-triggered cell FDRE clocked by sys_clk_pin  {rise@0.000ns fall@5.000ns period=10.000ns})
  Destination:            slowclk/counter_reg[7]/R
                            (rising edge-triggered cell FDRE clocked by sys_clk_pin  {rise@0.000ns fall@5.000ns period=10.000ns})
  Path Group:             sys_clk_pin
  Path Type:              Setup (Max at Slow Process Corner)
  Requirement:            10.000ns  (sys_clk_pin rise@10.000ns - sys_clk_pin rise@0.000ns)
  Data Path Delay:        3.357ns  (logic 0.704ns (20.972%)  route 2.653ns (79.028%))
  Logic Levels:           2  (LUT5=1 LUT6=1)
  Clock Path Skew:        -0.024ns (DCD - SCD + CPR)
    Destination Clock Delay (DCD):    4.788ns = ( 14.788 - 10.000 ) 
    Source Clock Delay      (SCD):    5.086ns
    Clock Pessimism Removal (CPR):    0.274ns
  Clock Uncertainty:      0.035ns  ((TSJ^2 + TIJ^2)^1/2 + DJ) / 2 + PE
    Total System Jitter     (TSJ):    0.071ns
    Total Input Jitter      (TIJ):    0.000ns
    Discrete Jitter          (DJ):    0.000ns
    Phase Error              (PE):    0.000ns

    Location             Delay type                Incr(ns)  Path(ns)    Netlist Resource(s)
  -------------------------------------------------------------------    -------------------
                         (clock sys_clk_pin rise edge)
                                                      0.000     0.000 r  
    W5                                                0.000     0.000 r  clk (IN)
                         net (fo=0)                   0.000     0.000    clk
    W5                   IBUF (Prop_ibuf_I_O)         1.458     1.458 r  clk_IBUF_inst/O
                         net (fo=1, routed)           1.967     3.425    clk_IBUF
    BUFGCTRL_X0Y1        BUFG (Prop_bufg_I_O)         0.096     3.521 r  clk_IBUF_BUFG_inst/O
                         net (fo=29, routed)          1.565     5.086    slowclk/clk
    SLICE_X29Y42         FDRE                                         r  slowclk/counter_reg[2]/C
  -------------------------------------------------------------------    -------------------
    SLICE_X29Y42         FDRE (Prop_fdre_C_Q)         0.456     5.542 f  slowclk/counter_reg[2]/Q
                         net (fo=2, routed)           1.006     6.548    slowclk/counter_reg[2]
    SLICE_X28Y43         LUT6 (Prop_lut6_I2_O)        0.124     6.672 r  slowclk/counter[0]_i_7/O
                         net (fo=2, routed)           0.984     7.657    slowclk/counter[0]_i_7_n_0
    SLICE_X28Y46         LUT5 (Prop_lut5_I4_O)        0.124     7.781 r  slowclk/counter[0]_i_1/O
                         net (fo=28, routed)          0.663     8.443    slowclk/clear
    SLICE_X29Y43         FDRE                                         r  slowclk/counter_reg[7]/R
  -------------------------------------------------------------------    -------------------

                         (clock sys_clk_pin rise edge)
                                                     10.000    10.000 r  
    W5                                                0.000    10.000 r  clk (IN)
                         net (fo=0)                   0.000    10.000    clk
    W5                   IBUF (Prop_ibuf_I_O)         1.388    11.388 r  clk_IBUF_inst/O
                         net (fo=1, routed)           1.862    13.250    clk_IBUF
    BUFGCTRL_X0Y1        BUFG (Prop_bufg_I_O)         0.091    13.341 r  clk_IBUF_BUFG_inst/O
                         net (fo=29, routed)          1.447    14.788    slowclk/clk
    SLICE_X29Y43         FDRE                                         r  slowclk/counter_reg[7]/C
                         clock pessimism              0.274    15.062    
                         clock uncertainty           -0.035    15.027    
    SLICE_X29Y43         FDRE (Setup_fdre_C_R)       -0.429    14.598    slowclk/counter_reg[7]
  -------------------------------------------------------------------
                         required time                         14.598    
                         arrival time                          -8.443    
  -------------------------------------------------------------------
                         slack                                  6.155    

Slack (MET) :             6.157ns  (required time - arrival time)
  Source:                 slowclk/counter_reg[2]/C
                            (rising edge-triggered cell FDRE clocked by sys_clk_pin  {rise@0.000ns fall@5.000ns period=10.000ns})
  Destination:            slowclk/counter_reg[16]/R
                            (rising edge-triggered cell FDRE clocked by sys_clk_pin  {rise@0.000ns fall@5.000ns period=10.000ns})
  Path Group:             sys_clk_pin
  Path Type:              Setup (Max at Slow Process Corner)
  Requirement:            10.000ns  (sys_clk_pin rise@10.000ns - sys_clk_pin rise@0.000ns)
  Data Path Delay:        3.355ns  (logic 0.704ns (20.984%)  route 2.651ns (79.016%))
  Logic Levels:           2  (LUT5=1 LUT6=1)
  Clock Path Skew:        -0.024ns (DCD - SCD + CPR)
    Destination Clock Delay (DCD):    4.788ns = ( 14.788 - 10.000 ) 
    Source Clock Delay      (SCD):    5.086ns
    Clock Pessimism Removal (CPR):    0.274ns
  Clock Uncertainty:      0.035ns  ((TSJ^2 + TIJ^2)^1/2 + DJ) / 2 + PE
    Total System Jitter     (TSJ):    0.071ns
    Total Input Jitter      (TIJ):    0.000ns
    Discrete Jitter          (DJ):    0.000ns
    Phase Error              (PE):    0.000ns

    Location             Delay type                Incr(ns)  Path(ns)    Netlist Resource(s)
  -------------------------------------------------------------------    -------------------
                         (clock sys_clk_pin rise edge)
                                                      0.000     0.000 r  
    W5                                                0.000     0.000 r  clk (IN)
                         net (fo=0)                   0.000     0.000    clk
    W5                   IBUF (Prop_ibuf_I_O)         1.458     1.458 r  clk_IBUF_inst/O
                         net (fo=1, routed)           1.967     3.425    clk_IBUF
    BUFGCTRL_X0Y1        BUFG (Prop_bufg_I_O)         0.096     3.521 r  clk_IBUF_BUFG_inst/O
                         net (fo=29, routed)          1.565     5.086    slowclk/clk
    SLICE_X29Y42         FDRE                                         r  slowclk/counter_reg[2]/C
  -------------------------------------------------------------------    -------------------
    SLICE_X29Y42         FDRE (Prop_fdre_C_Q)         0.456     5.542 f  slowclk/counter_reg[2]/Q
                         net (fo=2, routed)           1.006     6.548    slowclk/counter_reg[2]
    SLICE_X28Y43         LUT6 (Prop_lut6_I2_O)        0.124     6.672 r  slowclk/counter[0]_i_7/O
                         net (fo=2, routed)           0.984     7.657    slowclk/counter[0]_i_7_n_0
    SLICE_X28Y46         LUT5 (Prop_lut5_I4_O)        0.124     7.781 r  slowclk/counter[0]_i_1/O
                         net (fo=28, routed)          0.661     8.441    slowclk/clear
    SLICE_X29Y46         FDRE                                         r  slowclk/counter_reg[16]/R
  -------------------------------------------------------------------    -------------------

                         (clock sys_clk_pin rise edge)
                                                     10.000    10.000 r  
    W5                                                0.000    10.000 r  clk (IN)
                         net (fo=0)                   0.000    10.000    clk
    W5                   IBUF (Prop_ibuf_I_O)         1.388    11.388 r  clk_IBUF_inst/O
                         net (fo=1, routed)           1.862    13.250    clk_IBUF
    BUFGCTRL_X0Y1        BUFG (Prop_bufg_I_O)         0.091    13.341 r  clk_IBUF_BUFG_inst/O
                         net (fo=29, routed)          1.447    14.788    slowclk/clk
    SLICE_X29Y46         FDRE                                         r  slowclk/counter_reg[16]/C
                         clock pessimism              0.274    15.062    
                         clock uncertainty           -0.035    15.027    
    SLICE_X29Y46         FDRE (Setup_fdre_C_R)       -0.429    14.598    slowclk/counter_reg[16]
  -------------------------------------------------------------------
                         required time                         14.598    
                         arrival time                          -8.441    
  -------------------------------------------------------------------
                         slack                                  6.157    

Slack (MET) :             6.157ns  (required time - arrival time)
  Source:                 slowclk/counter_reg[2]/C
                            (rising edge-triggered cell FDRE clocked by sys_clk_pin  {rise@0.000ns fall@5.000ns period=10.000ns})
  Destination:            slowclk/counter_reg[17]/R
                            (rising edge-triggered cell FDRE clocked by sys_clk_pin  {rise@0.000ns fall@5.000ns period=10.000ns})
  Path Group:             sys_clk_pin
  Path Type:              Setup (Max at Slow Process Corner)
  Requirement:            10.000ns  (sys_clk_pin rise@10.000ns - sys_clk_pin rise@0.000ns)
  Data Path Delay:        3.355ns  (logic 0.704ns (20.984%)  route 2.651ns (79.016%))
  Logic Levels:           2  (LUT5=1 LUT6=1)
  Clock Path Skew:        -0.024ns (DCD - SCD + CPR)
    Destination Clock Delay (DCD):    4.788ns = ( 14.788 - 10.000 ) 
    Source Clock Delay      (SCD):    5.086ns
    Clock Pessimism Removal (CPR):    0.274ns
  Clock Uncertainty:      0.035ns  ((TSJ^2 + TIJ^2)^1/2 + DJ) / 2 + PE
    Total System Jitter     (TSJ):    0.071ns
    Total Input Jitter      (TIJ):    0.000ns
    Discrete Jitter          (DJ):    0.000ns
    Phase Error              (PE):    0.000ns

    Location             Delay type                Incr(ns)  Path(ns)    Netlist Resource(s)
  -------------------------------------------------------------------    -------------------
                         (clock sys_clk_pin rise edge)
                                                      0.000     0.000 r  
    W5                                                0.000     0.000 r  clk (IN)
                         net (fo=0)                   0.000     0.000    clk
    W5                   IBUF (Prop_ibuf_I_O)         1.458     1.458 r  clk_IBUF_inst/O
                         net (fo=1, routed)           1.967     3.425    clk_IBUF
    BUFGCTRL_X0Y1        BUFG (Prop_bufg_I_O)         0.096     3.521 r  clk_IBUF_BUFG_inst/O
                         net (fo=29, routed)          1.565     5.086    slowclk/clk
    SLICE_X29Y42         FDRE                                         r  slowclk/counter_reg[2]/C
  -------------------------------------------------------------------    -------------------
    SLICE_X29Y42         FDRE (Prop_fdre_C_Q)         0.456     5.542 f  slowclk/counter_reg[2]/Q
                         net (fo=2, routed)           1.006     6.548    slowclk/counter_reg[2]
    SLICE_X28Y43         LUT6 (Prop_lut6_I2_O)        0.124     6.672 r  slowclk/counter[0]_i_7/O
                         net (fo=2, routed)           0.984     7.657    slowclk/counter[0]_i_7_n_0
    SLICE_X28Y46         LUT5 (Prop_lut5_I4_O)        0.124     7.781 r  slowclk/counter[0]_i_1/O
                         net (fo=28, routed)          0.661     8.441    slowclk/clear
    SLICE_X29Y46         FDRE                                         r  slowclk/counter_reg[17]/R
  -------------------------------------------------------------------    -------------------

                         (clock sys_clk_pin rise edge)
                                                     10.000    10.000 r  
    W5                                                0.000    10.000 r  clk (IN)
                         net (fo=0)                   0.000    10.000    clk
    W5                   IBUF (Prop_ibuf_I_O)         1.388    11.388 r  clk_IBUF_inst/O
                         net (fo=1, routed)           1.862    13.250    clk_IBUF
    BUFGCTRL_X0Y1        BUFG (Prop_bufg_I_O)         0.091    13.341 r  clk_IBUF_BUFG_inst/O
                         net (fo=29, routed)          1.447    14.788    slowclk/clk
    SLICE_X29Y46         FDRE                                         r  slowclk/counter_reg[17]/C
                         clock pessimism              0.274    15.062    
                         clock uncertainty           -0.035    15.027    
    SLICE_X29Y46         FDRE (Setup_fdre_C_R)       -0.429    14.598    slowclk/counter_reg[17]
  -------------------------------------------------------------------
                         required time                         14.598    
                         arrival time                          -8.441    
  -------------------------------------------------------------------
                         slack                                  6.157    





Min Delay Paths
--------------------------------------------------------------------------------------
Slack (MET) :             0.261ns  (arrival time - required time)
  Source:                 slowclk/counter_reg[15]/C
                            (rising edge-triggered cell FDRE clocked by sys_clk_pin  {rise@0.000ns fall@5.000ns period=10.000ns})
  Destination:            slowclk/counter_reg[15]/D
                            (rising edge-triggered cell FDRE clocked by sys_clk_pin  {rise@0.000ns fall@5.000ns period=10.000ns})
  Path Group:             sys_clk_pin
  Path Type:              Hold (Min at Fast Process Corner)
  Requirement:            0.000ns  (sys_clk_pin rise@0.000ns - sys_clk_pin rise@0.000ns)
  Data Path Delay:        0.366ns  (logic 0.249ns (67.994%)  route 0.117ns (32.006%))
  Logic Levels:           1  (CARRY4=1)
  Clock Path Skew:        0.000ns (DCD - SCD - CPR)
    Destination Clock Delay (DCD):    1.960ns
    Source Clock Delay      (SCD):    1.446ns
    Clock Pessimism Removal (CPR):    0.514ns

    Location             Delay type                Incr(ns)  Path(ns)    Netlist Resource(s)
  -------------------------------------------------------------------    -------------------
                         (clock sys_clk_pin rise edge)
                                                      0.000     0.000 r  
    W5                                                0.000     0.000 r  clk (IN)
                         net (fo=0)                   0.000     0.000    clk
    W5                   IBUF (Prop_ibuf_I_O)         0.226     0.226 r  clk_IBUF_inst/O
                         net (fo=1, routed)           0.631     0.858    clk_IBUF
    BUFGCTRL_X0Y1        BUFG (Prop_bufg_I_O)         0.026     0.884 r  clk_IBUF_BUFG_inst/O
                         net (fo=29, routed)          0.563     1.446    slowclk/clk
    SLICE_X29Y45         FDRE                                         r  slowclk/counter_reg[15]/C
  -------------------------------------------------------------------    -------------------
    SLICE_X29Y45         FDRE (Prop_fdre_C_Q)         0.141     1.587 r  slowclk/counter_reg[15]/Q
                         net (fo=2, routed)           0.117     1.704    slowclk/counter_reg[15]
    SLICE_X29Y45         CARRY4 (Prop_carry4_S[3]_O[3])
                                                      0.108     1.812 r  slowclk/counter_reg[12]_i_1/O[3]
                         net (fo=1, routed)           0.000     1.812    slowclk/counter_reg[12]_i_1_n_4
    SLICE_X29Y45         FDRE                                         r  slowclk/counter_reg[15]/D
  -------------------------------------------------------------------    -------------------

                         (clock sys_clk_pin rise edge)
                                                      0.000     0.000 r  
    W5                                                0.000     0.000 r  clk (IN)
                         net (fo=0)                   0.000     0.000    clk
    W5                   IBUF (Prop_ibuf_I_O)         0.414     0.414 r  clk_IBUF_inst/O
                         net (fo=1, routed)           0.685     1.099    clk_IBUF
    BUFGCTRL_X0Y1        BUFG (Prop_bufg_I_O)         0.029     1.128 r  clk_IBUF_BUFG_inst/O
                         net (fo=29, routed)          0.833     1.960    slowclk/clk
    SLICE_X29Y45         FDRE                                         r  slowclk/counter_reg[15]/C
                         clock pessimism             -0.514     1.446    
    SLICE_X29Y45         FDRE (Hold_fdre_C_D)         0.105     1.551    slowclk/counter_reg[15]
  -------------------------------------------------------------------
                         required time                         -1.551    
                         arrival time                           1.812    
  -------------------------------------------------------------------
                         slack                                  0.261    

Slack (MET) :             0.261ns  (arrival time - required time)
  Source:                 slowclk/counter_reg[19]/C
                            (rising edge-triggered cell FDRE clocked by sys_clk_pin  {rise@0.000ns fall@5.000ns period=10.000ns})
  Destination:            slowclk/counter_reg[19]/D
                            (rising edge-triggered cell FDRE clocked by sys_clk_pin  {rise@0.000ns fall@5.000ns period=10.000ns})
  Path Group:             sys_clk_pin
  Path Type:              Hold (Min at Fast Process Corner)
  Requirement:            0.000ns  (sys_clk_pin rise@0.000ns - sys_clk_pin rise@0.000ns)
  Data Path Delay:        0.366ns  (logic 0.249ns (67.994%)  route 0.117ns (32.006%))
  Logic Levels:           1  (CARRY4=1)
  Clock Path Skew:        0.000ns (DCD - SCD - CPR)
    Destination Clock Delay (DCD):    1.960ns
    Source Clock Delay      (SCD):    1.446ns
    Clock Pessimism Removal (CPR):    0.514ns

    Location             Delay type                Incr(ns)  Path(ns)    Netlist Resource(s)
  -------------------------------------------------------------------    -------------------
                         (clock sys_clk_pin rise edge)
                                                      0.000     0.000 r  
    W5                                                0.000     0.000 r  clk (IN)
                         net (fo=0)                   0.000     0.000    clk
    W5                   IBUF (Prop_ibuf_I_O)         0.226     0.226 r  clk_IBUF_inst/O
                         net (fo=1, routed)           0.631     0.858    clk_IBUF
    BUFGCTRL_X0Y1        BUFG (Prop_bufg_I_O)         0.026     0.884 r  clk_IBUF_BUFG_inst/O
                         net (fo=29, routed)          0.563     1.446    slowclk/clk
    SLICE_X29Y46         FDRE                                         r  slowclk/counter_reg[19]/C
  -------------------------------------------------------------------    -------------------
    SLICE_X29Y46         FDRE (Prop_fdre_C_Q)         0.141     1.587 r  slowclk/counter_reg[19]/Q
                         net (fo=2, routed)           0.117     1.704    slowclk/counter_reg[19]
    SLICE_X29Y46         CARRY4 (Prop_carry4_S[3]_O[3])
                                                      0.108     1.812 r  slowclk/counter_reg[16]_i_1/O[3]
                         net (fo=1, routed)           0.000     1.812    slowclk/counter_reg[16]_i_1_n_4
    SLICE_X29Y46         FDRE                                         r  slowclk/counter_reg[19]/D
  -------------------------------------------------------------------    -------------------

                         (clock sys_clk_pin rise edge)
                                                      0.000     0.000 r  
    W5                                                0.000     0.000 r  clk (IN)
                         net (fo=0)                   0.000     0.000    clk
    W5                   IBUF (Prop_ibuf_I_O)         0.414     0.414 r  clk_IBUF_inst/O
                         net (fo=1, routed)           0.685     1.099    clk_IBUF
    BUFGCTRL_X0Y1        BUFG (Prop_bufg_I_O)         0.029     1.128 r  clk_IBUF_BUFG_inst/O
                         net (fo=29, routed)          0.833     1.960    slowclk/clk
    SLICE_X29Y46         FDRE                                         r  slowclk/counter_reg[19]/C
                         clock pessimism             -0.514     1.446    
    SLICE_X29Y46         FDRE (Hold_fdre_C_D)         0.105     1.551    slowclk/counter_reg[19]
  -------------------------------------------------------------------
                         required time                         -1.551    
                         arrival time                           1.812    
  -------------------------------------------------------------------
                         slack                                  0.261    

Slack (MET) :             0.261ns  (arrival time - required time)
  Source:                 slowclk/counter_reg[7]/C
                            (rising edge-triggered cell FDRE clocked by sys_clk_pin  {rise@0.000ns fall@5.000ns period=10.000ns})
  Destination:            slowclk/counter_reg[7]/D
                            (rising edge-triggered cell FDRE clocked by sys_clk_pin  {rise@0.000ns fall@5.000ns period=10.000ns})
  Path Group:             sys_clk_pin
  Path Type:              Hold (Min at Fast Process Corner)
  Requirement:            0.000ns  (sys_clk_pin rise@0.000ns - sys_clk_pin rise@0.000ns)
  Data Path Delay:        0.366ns  (logic 0.249ns (67.994%)  route 0.117ns (32.006%))
  Logic Levels:           1  (CARRY4=1)
  Clock Path Skew:        0.000ns (DCD - SCD - CPR)
    Destination Clock Delay (DCD):    1.960ns
    Source Clock Delay      (SCD):    1.446ns
    Clock Pessimism Removal (CPR):    0.514ns

    Location             Delay type                Incr(ns)  Path(ns)    Netlist Resource(s)
  -------------------------------------------------------------------    -------------------
                         (clock sys_clk_pin rise edge)
                                                      0.000     0.000 r  
    W5                                                0.000     0.000 r  clk (IN)
                         net (fo=0)                   0.000     0.000    clk
    W5                   IBUF (Prop_ibuf_I_O)         0.226     0.226 r  clk_IBUF_inst/O
                         net (fo=1, routed)           0.631     0.858    clk_IBUF
    BUFGCTRL_X0Y1        BUFG (Prop_bufg_I_O)         0.026     0.884 r  clk_IBUF_BUFG_inst/O
                         net (fo=29, routed)          0.563     1.446    slowclk/clk
    SLICE_X29Y43         FDRE                                         r  slowclk/counter_reg[7]/C
  -------------------------------------------------------------------    -------------------
    SLICE_X29Y43         FDRE (Prop_fdre_C_Q)         0.141     1.587 r  slowclk/counter_reg[7]/Q
                         net (fo=2, routed)           0.117     1.704    slowclk/counter_reg[7]
    SLICE_X29Y43         CARRY4 (Prop_carry4_S[3]_O[3])
                                                      0.108     1.812 r  slowclk/counter_reg[4]_i_1/O[3]
                         net (fo=1, routed)           0.000     1.812    slowclk/counter_reg[4]_i_1_n_4
    SLICE_X29Y43         FDRE                                         r  slowclk/counter_reg[7]/D
  -------------------------------------------------------------------    -------------------

                         (clock sys_clk_pin rise edge)
                                                      0.000     0.000 r  
    W5                                                0.000     0.000 r  clk (IN)
                         net (fo=0)                   0.000     0.000    clk
    W5                   IBUF (Prop_ibuf_I_O)         0.414     0.414 r  clk_IBUF_inst/O
                         net (fo=1, routed)           0.685     1.099    clk_IBUF
    BUFGCTRL_X0Y1        BUFG (Prop_bufg_I_O)         0.029     1.128 r  clk_IBUF_BUFG_inst/O
                         net (fo=29, routed)          0.833     1.960    slowclk/clk
    SLICE_X29Y43         FDRE                                         r  slowclk/counter_reg[7]/C
                         clock pessimism             -0.514     1.446    
    SLICE_X29Y43         FDRE (Hold_fdre_C_D)         0.105     1.551    slowclk/counter_reg[7]
  -------------------------------------------------------------------
                         required time                         -1.551    
                         arrival time                           1.812    
  -------------------------------------------------------------------
                         slack                                  0.261    

Slack (MET) :             0.261ns  (arrival time - required time)
  Source:                 slowclk/counter_reg[23]/C
                            (rising edge-triggered cell FDRE clocked by sys_clk_pin  {rise@0.000ns fall@5.000ns period=10.000ns})
  Destination:            slowclk/counter_reg[23]/D
                            (rising edge-triggered cell FDRE clocked by sys_clk_pin  {rise@0.000ns fall@5.000ns period=10.000ns})
  Path Group:             sys_clk_pin
  Path Type:              Hold (Min at Fast Process Corner)
  Requirement:            0.000ns  (sys_clk_pin rise@0.000ns - sys_clk_pin rise@0.000ns)
  Data Path Delay:        0.366ns  (logic 0.249ns (67.994%)  route 0.117ns (32.006%))
  Logic Levels:           1  (CARRY4=1)
  Clock Path Skew:        0.000ns (DCD - SCD - CPR)
    Destination Clock Delay (DCD):    1.961ns
    Source Clock Delay      (SCD):    1.447ns
    Clock Pessimism Removal (CPR):    0.514ns

    Location             Delay type                Incr(ns)  Path(ns)    Netlist Resource(s)
  -------------------------------------------------------------------    -------------------
                         (clock sys_clk_pin rise edge)
                                                      0.000     0.000 r  
    W5                                                0.000     0.000 r  clk (IN)
                         net (fo=0)                   0.000     0.000    clk
    W5                   IBUF (Prop_ibuf_I_O)         0.226     0.226 r  clk_IBUF_inst/O
                         net (fo=1, routed)           0.631     0.858    clk_IBUF
    BUFGCTRL_X0Y1        BUFG (Prop_bufg_I_O)         0.026     0.884 r  clk_IBUF_BUFG_inst/O
                         net (fo=29, routed)          0.564     1.447    slowclk/clk
    SLICE_X29Y47         FDRE                                         r  slowclk/counter_reg[23]/C
  -------------------------------------------------------------------    -------------------
    SLICE_X29Y47         FDRE (Prop_fdre_C_Q)         0.141     1.588 r  slowclk/counter_reg[23]/Q
                         net (fo=2, routed)           0.117     1.705    slowclk/counter_reg[23]
    SLICE_X29Y47         CARRY4 (Prop_carry4_S[3]_O[3])
                                                      0.108     1.813 r  slowclk/counter_reg[20]_i_1/O[3]
                         net (fo=1, routed)           0.000     1.813    slowclk/counter_reg[20]_i_1_n_4
    SLICE_X29Y47         FDRE                                         r  slowclk/counter_reg[23]/D
  -------------------------------------------------------------------    -------------------

                         (clock sys_clk_pin rise edge)
                                                      0.000     0.000 r  
    W5                                                0.000     0.000 r  clk (IN)
                         net (fo=0)                   0.000     0.000    clk
    W5                   IBUF (Prop_ibuf_I_O)         0.414     0.414 r  clk_IBUF_inst/O
                         net (fo=1, routed)           0.685     1.099    clk_IBUF
    BUFGCTRL_X0Y1        BUFG (Prop_bufg_I_O)         0.029     1.128 r  clk_IBUF_BUFG_inst/O
                         net (fo=29, routed)          0.834     1.961    slowclk/clk
    SLICE_X29Y47         FDRE                                         r  slowclk/counter_reg[23]/C
                         clock pessimism             -0.514     1.447    
    SLICE_X29Y47         FDRE (Hold_fdre_C_D)         0.105     1.552    slowclk/counter_reg[23]
  -------------------------------------------------------------------
                         required time                         -1.552    
                         arrival time                           1.813    
  -------------------------------------------------------------------
                         slack                                  0.261    

Slack (MET) :             0.262ns  (arrival time - required time)
  Source:                 slowclk/counter_reg[27]/C
                            (rising edge-triggered cell FDRE clocked by sys_clk_pin  {rise@0.000ns fall@5.000ns period=10.000ns})
  Destination:            slowclk/counter_reg[27]/D
                            (rising edge-triggered cell FDRE clocked by sys_clk_pin  {rise@0.000ns fall@5.000ns period=10.000ns})
  Path Group:             sys_clk_pin
  Path Type:              Hold (Min at Fast Process Corner)
  Requirement:            0.000ns  (sys_clk_pin rise@0.000ns - sys_clk_pin rise@0.000ns)
  Data Path Delay:        0.367ns  (logic 0.249ns (67.829%)  route 0.118ns (32.171%))
  Logic Levels:           1  (CARRY4=1)
  Clock Path Skew:        0.000ns (DCD - SCD - CPR)
    Destination Clock Delay (DCD):    1.961ns
    Source Clock Delay      (SCD):    1.447ns
    Clock Pessimism Removal (CPR):    0.514ns

    Location             Delay type                Incr(ns)  Path(ns)    Netlist Resource(s)
  -------------------------------------------------------------------    -------------------
                         (clock sys_clk_pin rise edge)
                                                      0.000     0.000 r  
    W5                                                0.000     0.000 r  clk (IN)
                         net (fo=0)                   0.000     0.000    clk
    W5                   IBUF (Prop_ibuf_I_O)         0.226     0.226 r  clk_IBUF_inst/O
                         net (fo=1, routed)           0.631     0.858    clk_IBUF
    BUFGCTRL_X0Y1        BUFG (Prop_bufg_I_O)         0.026     0.884 r  clk_IBUF_BUFG_inst/O
                         net (fo=29, routed)          0.564     1.447    slowclk/clk
    SLICE_X29Y48         FDRE                                         r  slowclk/counter_reg[27]/C
  -------------------------------------------------------------------    -------------------
    SLICE_X29Y48         FDRE (Prop_fdre_C_Q)         0.141     1.588 r  slowclk/counter_reg[27]/Q
                         net (fo=2, routed)           0.118     1.706    slowclk/counter_reg[27]
    SLICE_X29Y48         CARRY4 (Prop_carry4_S[3]_O[3])
                                                      0.108     1.814 r  slowclk/counter_reg[24]_i_1/O[3]
                         net (fo=1, routed)           0.000     1.814    slowclk/counter_reg[24]_i_1_n_4
    SLICE_X29Y48         FDRE                                         r  slowclk/counter_reg[27]/D
  -------------------------------------------------------------------    -------------------

                         (clock sys_clk_pin rise edge)
                                                      0.000     0.000 r  
    W5                                                0.000     0.000 r  clk (IN)
                         net (fo=0)                   0.000     0.000    clk
    W5                   IBUF (Prop_ibuf_I_O)         0.414     0.414 r  clk_IBUF_inst/O
                         net (fo=1, routed)           0.685     1.099    clk_IBUF
    BUFGCTRL_X0Y1        BUFG (Prop_bufg_I_O)         0.029     1.128 r  clk_IBUF_BUFG_inst/O
                         net (fo=29, routed)          0.834     1.961    slowclk/clk
    SLICE_X29Y48         FDRE                                         r  slowclk/counter_reg[27]/C
                         clock pessimism             -0.514     1.447    
    SLICE_X29Y48         FDRE (Hold_fdre_C_D)         0.105     1.552    slowclk/counter_reg[27]
  -------------------------------------------------------------------
                         required time                         -1.552    
                         arrival time                           1.814    
  -------------------------------------------------------------------
                         slack                                  0.262    

Slack (MET) :             0.264ns  (arrival time - required time)
  Source:                 slowclk/counter_reg[11]/C
                            (rising edge-triggered cell FDRE clocked by sys_clk_pin  {rise@0.000ns fall@5.000ns period=10.000ns})
  Destination:            slowclk/counter_reg[11]/D
                            (rising edge-triggered cell FDRE clocked by sys_clk_pin  {rise@0.000ns fall@5.000ns period=10.000ns})
  Path Group:             sys_clk_pin
  Path Type:              Hold (Min at Fast Process Corner)
  Requirement:            0.000ns  (sys_clk_pin rise@0.000ns - sys_clk_pin rise@0.000ns)
  Data Path Delay:        0.369ns  (logic 0.249ns (67.424%)  route 0.120ns (32.576%))
  Logic Levels:           1  (CARRY4=1)
  Clock Path Skew:        0.000ns (DCD - SCD - CPR)
    Destination Clock Delay (DCD):    1.960ns
    Source Clock Delay      (SCD):    1.446ns
    Clock Pessimism Removal (CPR):    0.514ns

    Location             Delay type                Incr(ns)  Path(ns)    Netlist Resource(s)
  -------------------------------------------------------------------    -------------------
                         (clock sys_clk_pin rise edge)
                                                      0.000     0.000 r  
    W5                                                0.000     0.000 r  clk (IN)
                         net (fo=0)                   0.000     0.000    clk
    W5                   IBUF (Prop_ibuf_I_O)         0.226     0.226 r  clk_IBUF_inst/O
                         net (fo=1, routed)           0.631     0.858    clk_IBUF
    BUFGCTRL_X0Y1        BUFG (Prop_bufg_I_O)         0.026     0.884 r  clk_IBUF_BUFG_inst/O
                         net (fo=29, routed)          0.563     1.446    slowclk/clk
    SLICE_X29Y44         FDRE                                         r  slowclk/counter_reg[11]/C
  -------------------------------------------------------------------    -------------------
    SLICE_X29Y44         FDRE (Prop_fdre_C_Q)         0.141     1.587 r  slowclk/counter_reg[11]/Q
                         net (fo=2, routed)           0.120     1.707    slowclk/counter_reg[11]
    SLICE_X29Y44         CARRY4 (Prop_carry4_S[3]_O[3])
                                                      0.108     1.815 r  slowclk/counter_reg[8]_i_1/O[3]
                         net (fo=1, routed)           0.000     1.815    slowclk/counter_reg[8]_i_1_n_4
    SLICE_X29Y44         FDRE                                         r  slowclk/counter_reg[11]/D
  -------------------------------------------------------------------    -------------------

                         (clock sys_clk_pin rise edge)
                                                      0.000     0.000 r  
    W5                                                0.000     0.000 r  clk (IN)
                         net (fo=0)                   0.000     0.000    clk
    W5                   IBUF (Prop_ibuf_I_O)         0.414     0.414 r  clk_IBUF_inst/O
                         net (fo=1, routed)           0.685     1.099    clk_IBUF
    BUFGCTRL_X0Y1        BUFG (Prop_bufg_I_O)         0.029     1.128 r  clk_IBUF_BUFG_inst/O
                         net (fo=29, routed)          0.833     1.960    slowclk/clk
    SLICE_X29Y44         FDRE                                         r  slowclk/counter_reg[11]/C
                         clock pessimism             -0.514     1.446    
    SLICE_X29Y44         FDRE (Hold_fdre_C_D)         0.105     1.551    slowclk/counter_reg[11]
  -------------------------------------------------------------------
                         required time                         -1.551    
                         arrival time                           1.815    
  -------------------------------------------------------------------
                         slack                                  0.264    

Slack (MET) :             0.264ns  (arrival time - required time)
  Source:                 slowclk/counter_reg[3]/C
                            (rising edge-triggered cell FDRE clocked by sys_clk_pin  {rise@0.000ns fall@5.000ns period=10.000ns})
  Destination:            slowclk/counter_reg[3]/D
                            (rising edge-triggered cell FDRE clocked by sys_clk_pin  {rise@0.000ns fall@5.000ns period=10.000ns})
  Path Group:             sys_clk_pin
  Path Type:              Hold (Min at Fast Process Corner)
  Requirement:            0.000ns  (sys_clk_pin rise@0.000ns - sys_clk_pin rise@0.000ns)
  Data Path Delay:        0.369ns  (logic 0.249ns (67.424%)  route 0.120ns (32.576%))
  Logic Levels:           1  (CARRY4=1)
  Clock Path Skew:        0.000ns (DCD - SCD - CPR)
    Destination Clock Delay (DCD):    1.959ns
    Source Clock Delay      (SCD):    1.445ns
    Clock Pessimism Removal (CPR):    0.514ns

    Location             Delay type                Incr(ns)  Path(ns)    Netlist Resource(s)
  -------------------------------------------------------------------    -------------------
                         (clock sys_clk_pin rise edge)
                                                      0.000     0.000 r  
    W5                                                0.000     0.000 r  clk (IN)
                         net (fo=0)                   0.000     0.000    clk
    W5                   IBUF (Prop_ibuf_I_O)         0.226     0.226 r  clk_IBUF_inst/O
                         net (fo=1, routed)           0.631     0.858    clk_IBUF
    BUFGCTRL_X0Y1        BUFG (Prop_bufg_I_O)         0.026     0.884 r  clk_IBUF_BUFG_inst/O
                         net (fo=29, routed)          0.562     1.445    slowclk/clk
    SLICE_X29Y42         FDRE                                         r  slowclk/counter_reg[3]/C
  -------------------------------------------------------------------    -------------------
    SLICE_X29Y42         FDRE (Prop_fdre_C_Q)         0.141     1.586 r  slowclk/counter_reg[3]/Q
                         net (fo=2, routed)           0.120     1.706    slowclk/counter_reg[3]
    SLICE_X29Y42         CARRY4 (Prop_carry4_S[3]_O[3])
                                                      0.108     1.814 r  slowclk/counter_reg[0]_i_2/O[3]
                         net (fo=1, routed)           0.000     1.814    slowclk/counter_reg[0]_i_2_n_4
    SLICE_X29Y42         FDRE                                         r  slowclk/counter_reg[3]/D
  -------------------------------------------------------------------    -------------------

                         (clock sys_clk_pin rise edge)
                                                      0.000     0.000 r  
    W5                                                0.000     0.000 r  clk (IN)
                         net (fo=0)                   0.000     0.000    clk
    W5                   IBUF (Prop_ibuf_I_O)         0.414     0.414 r  clk_IBUF_inst/O
                         net (fo=1, routed)           0.685     1.099    clk_IBUF
    BUFGCTRL_X0Y1        BUFG (Prop_bufg_I_O)         0.029     1.128 r  clk_IBUF_BUFG_inst/O
                         net (fo=29, routed)          0.832     1.959    slowclk/clk
    SLICE_X29Y42         FDRE                                         r  slowclk/counter_reg[3]/C
                         clock pessimism             -0.514     1.445    
    SLICE_X29Y42         FDRE (Hold_fdre_C_D)         0.105     1.550    slowclk/counter_reg[3]
  -------------------------------------------------------------------
                         required time                         -1.550    
                         arrival time                           1.814    
  -------------------------------------------------------------------
                         slack                                  0.264    

Slack (MET) :             0.267ns  (arrival time - required time)
  Source:                 slowclk/counter_reg[12]/C
                            (rising edge-triggered cell FDRE clocked by sys_clk_pin  {rise@0.000ns fall@5.000ns period=10.000ns})
  Destination:            slowclk/counter_reg[12]/D
                            (rising edge-triggered cell FDRE clocked by sys_clk_pin  {rise@0.000ns fall@5.000ns period=10.000ns})
  Path Group:             sys_clk_pin
  Path Type:              Hold (Min at Fast Process Corner)
  Requirement:            0.000ns  (sys_clk_pin rise@0.000ns - sys_clk_pin rise@0.000ns)
  Data Path Delay:        0.372ns  (logic 0.256ns (68.766%)  route 0.116ns (31.234%))
  Logic Levels:           1  (CARRY4=1)
  Clock Path Skew:        0.000ns (DCD - SCD - CPR)
    Destination Clock Delay (DCD):    1.960ns
    Source Clock Delay      (SCD):    1.446ns
    Clock Pessimism Removal (CPR):    0.514ns

    Location             Delay type                Incr(ns)  Path(ns)    Netlist Resource(s)
  -------------------------------------------------------------------    -------------------
                         (clock sys_clk_pin rise edge)
                                                      0.000     0.000 r  
    W5                                                0.000     0.000 r  clk (IN)
                         net (fo=0)                   0.000     0.000    clk
    W5                   IBUF (Prop_ibuf_I_O)         0.226     0.226 r  clk_IBUF_inst/O
                         net (fo=1, routed)           0.631     0.858    clk_IBUF
    BUFGCTRL_X0Y1        BUFG (Prop_bufg_I_O)         0.026     0.884 r  clk_IBUF_BUFG_inst/O
                         net (fo=29, routed)          0.563     1.446    slowclk/clk
    SLICE_X29Y45         FDRE                                         r  slowclk/counter_reg[12]/C
  -------------------------------------------------------------------    -------------------
    SLICE_X29Y45         FDRE (Prop_fdre_C_Q)         0.141     1.587 r  slowclk/counter_reg[12]/Q
                         net (fo=2, routed)           0.116     1.703    slowclk/counter_reg[12]
    SLICE_X29Y45         CARRY4 (Prop_carry4_S[0]_O[0])
                                                      0.115     1.818 r  slowclk/counter_reg[12]_i_1/O[0]
                         net (fo=1, routed)           0.000     1.818    slowclk/counter_reg[12]_i_1_n_7
    SLICE_X29Y45         FDRE                                         r  slowclk/counter_reg[12]/D
  -------------------------------------------------------------------    -------------------

                         (clock sys_clk_pin rise edge)
                                                      0.000     0.000 r  
    W5                                                0.000     0.000 r  clk (IN)
                         net (fo=0)                   0.000     0.000    clk
    W5                   IBUF (Prop_ibuf_I_O)         0.414     0.414 r  clk_IBUF_inst/O
                         net (fo=1, routed)           0.685     1.099    clk_IBUF
    BUFGCTRL_X0Y1        BUFG (Prop_bufg_I_O)         0.029     1.128 r  clk_IBUF_BUFG_inst/O
                         net (fo=29, routed)          0.833     1.960    slowclk/clk
    SLICE_X29Y45         FDRE                                         r  slowclk/counter_reg[12]/C
                         clock pessimism             -0.514     1.446    
    SLICE_X29Y45         FDRE (Hold_fdre_C_D)         0.105     1.551    slowclk/counter_reg[12]
  -------------------------------------------------------------------
                         required time                         -1.551    
                         arrival time                           1.818    
  -------------------------------------------------------------------
                         slack                                  0.267    

Slack (MET) :             0.267ns  (arrival time - required time)
  Source:                 slowclk/counter_reg[16]/C
                            (rising edge-triggered cell FDRE clocked by sys_clk_pin  {rise@0.000ns fall@5.000ns period=10.000ns})
  Destination:            slowclk/counter_reg[16]/D
                            (rising edge-triggered cell FDRE clocked by sys_clk_pin  {rise@0.000ns fall@5.000ns period=10.000ns})
  Path Group:             sys_clk_pin
  Path Type:              Hold (Min at Fast Process Corner)
  Requirement:            0.000ns  (sys_clk_pin rise@0.000ns - sys_clk_pin rise@0.000ns)
  Data Path Delay:        0.372ns  (logic 0.256ns (68.766%)  route 0.116ns (31.234%))
  Logic Levels:           1  (CARRY4=1)
  Clock Path Skew:        0.000ns (DCD - SCD - CPR)
    Destination Clock Delay (DCD):    1.960ns
    Source Clock Delay      (SCD):    1.446ns
    Clock Pessimism Removal (CPR):    0.514ns

    Location             Delay type                Incr(ns)  Path(ns)    Netlist Resource(s)
  -------------------------------------------------------------------    -------------------
                         (clock sys_clk_pin rise edge)
                                                      0.000     0.000 r  
    W5                                                0.000     0.000 r  clk (IN)
                         net (fo=0)                   0.000     0.000    clk
    W5                   IBUF (Prop_ibuf_I_O)         0.226     0.226 r  clk_IBUF_inst/O
                         net (fo=1, routed)           0.631     0.858    clk_IBUF
    BUFGCTRL_X0Y1        BUFG (Prop_bufg_I_O)         0.026     0.884 r  clk_IBUF_BUFG_inst/O
                         net (fo=29, routed)          0.563     1.446    slowclk/clk
    SLICE_X29Y46         FDRE                                         r  slowclk/counter_reg[16]/C
  -------------------------------------------------------------------    -------------------
    SLICE_X29Y46         FDRE (Prop_fdre_C_Q)         0.141     1.587 r  slowclk/counter_reg[16]/Q
                         net (fo=2, routed)           0.116     1.703    slowclk/counter_reg[16]
    SLICE_X29Y46         CARRY4 (Prop_carry4_S[0]_O[0])
                                                      0.115     1.818 r  slowclk/counter_reg[16]_i_1/O[0]
                         net (fo=1, routed)           0.000     1.818    slowclk/counter_reg[16]_i_1_n_7
    SLICE_X29Y46         FDRE                                         r  slowclk/counter_reg[16]/D
  -------------------------------------------------------------------    -------------------

                         (clock sys_clk_pin rise edge)
                                                      0.000     0.000 r  
    W5                                                0.000     0.000 r  clk (IN)
                         net (fo=0)                   0.000     0.000    clk
    W5                   IBUF (Prop_ibuf_I_O)         0.414     0.414 r  clk_IBUF_inst/O
                         net (fo=1, routed)           0.685     1.099    clk_IBUF
    BUFGCTRL_X0Y1        BUFG (Prop_bufg_I_O)         0.029     1.128 r  clk_IBUF_BUFG_inst/O
                         net (fo=29, routed)          0.833     1.960    slowclk/clk
    SLICE_X29Y46         FDRE                                         r  slowclk/counter_reg[16]/C
                         clock pessimism             -0.514     1.446    
    SLICE_X29Y46         FDRE (Hold_fdre_C_D)         0.105     1.551    slowclk/counter_reg[16]
  -------------------------------------------------------------------
                         required time                         -1.551    
                         arrival time                           1.818    
  -------------------------------------------------------------------
                         slack                                  0.267    

Slack (MET) :             0.267ns  (arrival time - required time)
  Source:                 slowclk/counter_reg[4]/C
                            (rising edge-triggered cell FDRE clocked by sys_clk_pin  {rise@0.000ns fall@5.000ns period=10.000ns})
  Destination:            slowclk/counter_reg[4]/D
                            (rising edge-triggered cell FDRE clocked by sys_clk_pin  {rise@0.000ns fall@5.000ns period=10.000ns})
  Path Group:             sys_clk_pin
  Path Type:              Hold (Min at Fast Process Corner)
  Requirement:            0.000ns  (sys_clk_pin rise@0.000ns - sys_clk_pin rise@0.000ns)
  Data Path Delay:        0.372ns  (logic 0.256ns (68.766%)  route 0.116ns (31.234%))
  Logic Levels:           1  (CARRY4=1)
  Clock Path Skew:        0.000ns (DCD - SCD - CPR)
    Destination Clock Delay (DCD):    1.960ns
    Source Clock Delay      (SCD):    1.446ns
    Clock Pessimism Removal (CPR):    0.514ns

    Location             Delay type                Incr(ns)  Path(ns)    Netlist Resource(s)
  -------------------------------------------------------------------    -------------------
                         (clock sys_clk_pin rise edge)
                                                      0.000     0.000 r  
    W5                                                0.000     0.000 r  clk (IN)
                         net (fo=0)                   0.000     0.000    clk
    W5                   IBUF (Prop_ibuf_I_O)         0.226     0.226 r  clk_IBUF_inst/O
                         net (fo=1, routed)           0.631     0.858    clk_IBUF
    BUFGCTRL_X0Y1        BUFG (Prop_bufg_I_O)         0.026     0.884 r  clk_IBUF_BUFG_inst/O
                         net (fo=29, routed)          0.563     1.446    slowclk/clk
    SLICE_X29Y43         FDRE                                         r  slowclk/counter_reg[4]/C
  -------------------------------------------------------------------    -------------------
    SLICE_X29Y43         FDRE (Prop_fdre_C_Q)         0.141     1.587 r  slowclk/counter_reg[4]/Q
                         net (fo=2, routed)           0.116     1.703    slowclk/counter_reg[4]
    SLICE_X29Y43         CARRY4 (Prop_carry4_S[0]_O[0])
                                                      0.115     1.818 r  slowclk/counter_reg[4]_i_1/O[0]
                         net (fo=1, routed)           0.000     1.818    slowclk/counter_reg[4]_i_1_n_7
    SLICE_X29Y43         FDRE                                         r  slowclk/counter_reg[4]/D
  -------------------------------------------------------------------    -------------------

                         (clock sys_clk_pin rise edge)
                                                      0.000     0.000 r  
    W5                                                0.000     0.000 r  clk (IN)
                         net (fo=0)                   0.000     0.000    clk
    W5                   IBUF (Prop_ibuf_I_O)         0.414     0.414 r  clk_IBUF_inst/O
                         net (fo=1, routed)           0.685     1.099    clk_IBUF
    BUFGCTRL_X0Y1        BUFG (Prop_bufg_I_O)         0.029     1.128 r  clk_IBUF_BUFG_inst/O
                         net (fo=29, routed)          0.833     1.960    slowclk/clk
    SLICE_X29Y43         FDRE                                         r  slowclk/counter_reg[4]/C
                         clock pessimism             -0.514     1.446    
    SLICE_X29Y43         FDRE (Hold_fdre_C_D)         0.105     1.551    slowclk/counter_reg[4]
  -------------------------------------------------------------------
                         required time                         -1.551    
                         arrival time                           1.818    
  -------------------------------------------------------------------
                         slack                                  0.267    





Pulse Width Checks
--------------------------------------------------------------------------------------
Clock Name:         sys_clk_pin
Waveform(ns):       { 0.000 5.000 }
Period(ns):         10.000
Sources:            { clk }

Check Type        Corner  Lib Pin  Reference Pin  Required(ns)  Actual(ns)  Slack(ns)  Location       Pin
Min Period        n/a     BUFG/I   n/a            2.155         10.000      7.845      BUFGCTRL_X0Y1  clk_IBUF_BUFG_inst/I
Min Period        n/a     FDSE/C   n/a            1.000         10.000      9.000      SLICE_X29Y42   slowclk/counter_reg[0]/C
Min Period        n/a     FDRE/C   n/a            1.000         10.000      9.000      SLICE_X29Y44   slowclk/counter_reg[10]/C
Min Period        n/a     FDRE/C   n/a            1.000         10.000      9.000      SLICE_X29Y44   slowclk/counter_reg[11]/C
Min Period        n/a     FDRE/C   n/a            1.000         10.000      9.000      SLICE_X29Y45   slowclk/counter_reg[12]/C
Min Period        n/a     FDRE/C   n/a            1.000         10.000      9.000      SLICE_X29Y45   slowclk/counter_reg[13]/C
Min Period        n/a     FDRE/C   n/a            1.000         10.000      9.000      SLICE_X29Y45   slowclk/counter_reg[14]/C
Min Period        n/a     FDRE/C   n/a            1.000         10.000      9.000      SLICE_X29Y45   slowclk/counter_reg[15]/C
Min Period        n/a     FDRE/C   n/a            1.000         10.000      9.000      SLICE_X29Y46   slowclk/counter_reg[16]/C
Min Period        n/a     FDRE/C   n/a            1.000         10.000      9.000      SLICE_X29Y46   slowclk/counter_reg[17]/C
Low Pulse Width   Fast    FDSE/C   n/a            0.500         5.000       4.500      SLICE_X29Y42   slowclk/counter_reg[0]/C
Low Pulse Width   Fast    FDRE/C   n/a            0.500         5.000       4.500      SLICE_X29Y44   slowclk/counter_reg[10]/C
Low Pulse Width   Fast    FDRE/C   n/a            0.500         5.000       4.500      SLICE_X29Y44   slowclk/counter_reg[11]/C
Low Pulse Width   Fast    FDRE/C   n/a            0.500         5.000       4.500      SLICE_X29Y45   slowclk/counter_reg[12]/C
Low Pulse Width   Fast    FDRE/C   n/a            0.500         5.000       4.500      SLICE_X29Y45   slowclk/counter_reg[13]/C
Low Pulse Width   Fast    FDRE/C   n/a            0.500         5.000       4.500      SLICE_X29Y45   slowclk/counter_reg[14]/C
Low Pulse Width   Fast    FDRE/C   n/a            0.500         5.000       4.500      SLICE_X29Y45   slowclk/counter_reg[15]/C
Low Pulse Width   Fast    FDRE/C   n/a            0.500         5.000       4.500      SLICE_X29Y46   slowclk/counter_reg[16]/C
Low Pulse Width   Fast    FDRE/C   n/a            0.500         5.000       4.500      SLICE_X29Y46   slowclk/counter_reg[17]/C
Low Pulse Width   Fast    FDRE/C   n/a            0.500         5.000       4.500      SLICE_X29Y46   slowclk/counter_reg[18]/C
High Pulse Width  Slow    FDRE/C   n/a            0.500         5.000       4.500      SLICE_X29Y47   slowclk/counter_reg[20]/C
High Pulse Width  Slow    FDRE/C   n/a            0.500         5.000       4.500      SLICE_X29Y47   slowclk/counter_reg[21]/C
High Pulse Width  Slow    FDRE/C   n/a            0.500         5.000       4.500      SLICE_X29Y47   slowclk/counter_reg[22]/C
High Pulse Width  Slow    FDRE/C   n/a            0.500         5.000       4.500      SLICE_X29Y47   slowclk/counter_reg[23]/C
High Pulse Width  Slow    FDRE/C   n/a            0.500         5.000       4.500      SLICE_X29Y48   slowclk/counter_reg[24]/C
High Pulse Width  Slow    FDRE/C   n/a            0.500         5.000       4.500      SLICE_X29Y48   slowclk/counter_reg[25]/C
High Pulse Width  Slow    FDRE/C   n/a            0.500         5.000       4.500      SLICE_X29Y48   slowclk/counter_reg[26]/C
High Pulse Width  Slow    FDRE/C   n/a            0.500         5.000       4.500      SLICE_X29Y48   slowclk/counter_reg[27]/C
High Pulse Width  Slow    FDSE/C   n/a            0.500         5.000       4.500      SLICE_X29Y42   slowclk/counter_reg[0]/C
High Pulse Width  Slow    FDRE/C   n/a            0.500         5.000       4.500      SLICE_X29Y44   slowclk/counter_reg[10]/C



